#
# There is insufficient memory for the Java Runtime Environment to continue.
# Native memory allocation (malloc) failed to allocate 1092816 bytes. Error detail: Chunk::new
# Possible reasons:
#   The system is out of physical RAM or swap space
#   This process is running with CompressedOops enabled, and the Java Heap may be blocking the growth of the native heap
# Possible solutions:
#   Reduce memory load on the system
#   Increase physical memory or swap space
#   Check if swap backing store is full
#   Decrease Java heap size (-Xmx/-Xms)
#   Decrease number of Java threads
#   Decrease Java thread stack sizes (-Xss)
#   Set larger code cache with -XX:ReservedCodeCacheSize=
#   JVM is running with Unscaled Compressed Oops mode in which the Java heap is
#     placed in the first 4GB address space. The Java Heap base address is the
#     maximum limit for the native heap growth. Please use -XX:HeapBaseMinAddress
#     to set the Java Heap base and to place the Java Heap above 4GB virtual address.
# This output file may be truncated or incomplete.
#
#  Out of Memory Error (arena.cpp:168), pid=21012, tid=13580
#
# JRE version: OpenJDK Runtime Environment Temurin-21.0.6+7 (21.0.6+7) (build 21.0.6+7-LTS)
# Java VM: OpenJDK 64-Bit Server VM Temurin-21.0.6+7 (21.0.6+7-LTS, mixed mode, sharing, tiered, compressed oops, compressed class ptrs, parallel gc, windows-amd64)
# No core dump will be written. Minidumps are not enabled by default on client versions of Windows
#

---------------  S U M M A R Y ------------

Command Line: --add-modules=ALL-SYSTEM --add-opens=java.base/java.util=ALL-UNNAMED --add-opens=java.base/java.lang=ALL-UNNAMED --add-opens=java.base/sun.nio.fs=ALL-UNNAMED -Declipse.application=org.eclipse.jdt.ls.core.id1 -Dosgi.bundles.defaultStartLevel=4 -Declipse.product=org.eclipse.jdt.ls.core.product -Djava.import.generatesMetadataFilesAtProjectRoot=false -DDetectVMInstallationsJob.disabled=true -Dfile.encoding=utf8 -XX:+UseParallelGC -XX:GCTimeRatio=4 -XX:AdaptiveSizePolicyWeight=90 -Dsun.zip.disableMemoryMapping=true -Xmx1G -Xms100m -Xlog:disable -javaagent:c:\Users\kille\.vscode\extensions\redhat.java-1.41.1-win32-x64\lombok\lombok-1.18.36.jar c:\Users\kille\.vscode\extensions\redhat.java-1.41.1-win32-x64\server\plugins\org.eclipse.equinox.launcher_1.7.0.v20250331-1702.jar -configuration c:\Users\kille\AppData\Roaming\Code\User\globalStorage\redhat.java\1.41.1\config_ss_win -data c:\Users\kille\AppData\Roaming\Code\User\workspaceStorage\00459deb50f24b29a4002a671e1decd1\redhat.java\ss_ws --pipe=\\.\pipe\lsp-4c1574c6c3788d706d64c017ca9b6d51-sock

Host: 11th Gen Intel(R) Core(TM) i5-1135G7 @ 2.40GHz, 8 cores, 7G,  Windows 10 , 64 bit Build 19041 (10.0.19041.5678)
Time: Sat Apr 19 06:52:06 2025 SE Asia Standard Time elapsed time: 6.548089 seconds (0d 0h 0m 6s)

---------------  T H R E A D  ---------------

Current thread (0x000001f000b0b950):  JavaThread "C2 CompilerThread1" daemon [_thread_in_native, id=13580, stack(0x000000dcfd200000,0x000000dcfd300000) (1024K)]


Current CompileTask:
C2:6548 3267       4       java.lang.invoke.MethodType::methodType (69 bytes)

Stack: [0x000000dcfd200000,0x000000dcfd300000]
Native frames: (J=compiled Java code, j=interpreted, Vv=VM code, C=native code)
V  [jvm.dll+0x6cdee9]
V  [jvm.dll+0x8a83d1]
V  [jvm.dll+0x8aa8fe]
V  [jvm.dll+0x8aafe3]
V  [jvm.dll+0x27f706]
V  [jvm.dll+0xc500d]
V  [jvm.dll+0xc5543]
V  [jvm.dll+0x3b6752]
V  [jvm.dll+0x1e0009]
V  [jvm.dll+0x247b42]
V  [jvm.dll+0x246fcf]
V  [jvm.dll+0x1c75ee]
V  [jvm.dll+0x25685a]
V  [jvm.dll+0x254dfa]
V  [jvm.dll+0x3f0256]
V  [jvm.dll+0x851f8b]
V  [jvm.dll+0x6cc5ed]
C  [ucrtbase.dll+0x21bb2]
C  [KERNEL32.DLL+0x17374]
C  [ntdll.dll+0x4cc91]


---------------  P R O C E S S  ---------------

Threads class SMR info:
_java_thread_list=0x000001f07edd4180, length=34, elements={
0x000001f0203b63c0, 0x000001f036abde10, 0x000001f036abf780, 0x000001f036ac30c0,
0x000001f036ac43e0, 0x000001f036aca3e0, 0x000001f036acc700, 0x000001f036ae6080,
0x000001f036ae91f0, 0x000001f036acb9e0, 0x000001f036acc070, 0x000001f036acee60,
0x000001f036accd90, 0x000001f036acd420, 0x000001f036acdab0, 0x000001f036ace140,
0x000001f036ace7d0, 0x000001f07ea79ad0, 0x000001f07ea7c8c0, 0x000001f07ea77a00,
0x000001f07ea7cf50, 0x000001f07ea7e990, 0x000001f07ea7bba0, 0x000001f07ea7a7f0,
0x000001f07ea7a160, 0x000001f07ea7d5e0, 0x000001f07ea7dc70, 0x000001f07ea78db0,
0x000001f07ea7e300, 0x000001f07ea7c230, 0x000001f07ea7ae80, 0x000001f07ea7f020,
0x000001f07ea7b510, 0x000001f000b0b950
}

Java Threads: ( => current thread )
  0x000001f0203b63c0 JavaThread "main"                              [_thread_blocked, id=18000, stack(0x000000dcfa700000,0x000000dcfa800000) (1024K)]
  0x000001f036abde10 JavaThread "Reference Handler"          daemon [_thread_blocked, id=14684, stack(0x000000dcfab00000,0x000000dcfac00000) (1024K)]
  0x000001f036abf780 JavaThread "Finalizer"                  daemon [_thread_blocked, id=18184, stack(0x000000dcfac00000,0x000000dcfad00000) (1024K)]
  0x000001f036ac30c0 JavaThread "Signal Dispatcher"          daemon [_thread_blocked, id=16200, stack(0x000000dcfad00000,0x000000dcfae00000) (1024K)]
  0x000001f036ac43e0 JavaThread "Attach Listener"            daemon [_thread_blocked, id=18360, stack(0x000000dcfae00000,0x000000dcfaf00000) (1024K)]
  0x000001f036aca3e0 JavaThread "Service Thread"             daemon [_thread_blocked, id=19560, stack(0x000000dcfaf00000,0x000000dcfb000000) (1024K)]
  0x000001f036acc700 JavaThread "Monitor Deflation Thread"   daemon [_thread_blocked, id=10824, stack(0x000000dcfb000000,0x000000dcfb100000) (1024K)]
  0x000001f036ae6080 JavaThread "C2 CompilerThread0"         daemon [_thread_in_native, id=5904, stack(0x000000dcfb100000,0x000000dcfb200000) (1024K)]
  0x000001f036ae91f0 JavaThread "C1 CompilerThread0"         daemon [_thread_blocked, id=15600, stack(0x000000dcfb200000,0x000000dcfb300000) (1024K)]
  0x000001f036acb9e0 JavaThread "Common-Cleaner"             daemon [_thread_blocked, id=12544, stack(0x000000dcfb300000,0x000000dcfb400000) (1024K)]
  0x000001f036acc070 JavaThread "Notification Thread"        daemon [_thread_blocked, id=20552, stack(0x000000dcfb400000,0x000000dcfb500000) (1024K)]
  0x000001f036acee60 JavaThread "Active Thread: Equinox Container: e69e6ff4-102d-4bfc-9a81-ce12a9e00e8e"        [_thread_blocked, id=7668, stack(0x000000dcfbc00000,0x000000dcfbd00000) (1024K)]
  0x000001f036accd90 JavaThread "Framework Event Dispatcher: Equinox Container: e69e6ff4-102d-4bfc-9a81-ce12a9e00e8e" daemon [_thread_blocked, id=12088, stack(0x000000dcfbd00000,0x000000dcfbe00000) (1024K)]
  0x000001f036acd420 JavaThread "Start Level: Equinox Container: e69e6ff4-102d-4bfc-9a81-ce12a9e00e8e" daemon [_thread_blocked, id=13324, stack(0x000000dcfbe00000,0x000000dcfbf00000) (1024K)]
  0x000001f036acdab0 JavaThread "SCR Component Actor"        daemon [_thread_blocked, id=20596, stack(0x000000dcfbf00000,0x000000dcfc000000) (1024K)]
  0x000001f036ace140 JavaThread "SCR Component Registry"     daemon [_thread_blocked, id=1872, stack(0x000000dcfb500000,0x000000dcfb600000) (1024K)]
  0x000001f036ace7d0 JavaThread "Worker-JM"                         [_thread_blocked, id=21152, stack(0x000000dcfc100000,0x000000dcfc200000) (1024K)]
  0x000001f07ea79ad0 JavaThread "Worker-0"                          [_thread_blocked, id=12836, stack(0x000000dcfc200000,0x000000dcfc300000) (1024K)]
  0x000001f07ea7c8c0 JavaThread "Worker-1"                          [_thread_blocked, id=6204, stack(0x000000dcfc300000,0x000000dcfc400000) (1024K)]
  0x000001f07ea77a00 JavaThread "JNA Cleaner"                daemon [_thread_blocked, id=10984, stack(0x000000dcfc400000,0x000000dcfc500000) (1024K)]
  0x000001f07ea7cf50 JavaThread "Thread-2"                   daemon [_thread_in_native, id=1516, stack(0x000000dcfc500000,0x000000dcfc600000) (1024K)]
  0x000001f07ea7e990 JavaThread "Thread-3"                   daemon [_thread_in_native, id=17728, stack(0x000000dcfc600000,0x000000dcfc700000) (1024K)]
  0x000001f07ea7bba0 JavaThread "Thread-4"                   daemon [_thread_in_native, id=15796, stack(0x000000dcfc700000,0x000000dcfc800000) (1024K)]
  0x000001f07ea7a7f0 JavaThread "Thread-5"                   daemon [_thread_in_native, id=14092, stack(0x000000dcfc800000,0x000000dcfc900000) (1024K)]
  0x000001f07ea7a160 JavaThread "Thread-6"                   daemon [_thread_in_native, id=13428, stack(0x000000dcfc900000,0x000000dcfca00000) (1024K)]
  0x000001f07ea7d5e0 JavaThread "Thread-7"                   daemon [_thread_in_native, id=7732, stack(0x000000dcfca00000,0x000000dcfcb00000) (1024K)]
  0x000001f07ea7dc70 JavaThread "Thread-8"                   daemon [_thread_in_native, id=2168, stack(0x000000dcfcb00000,0x000000dcfcc00000) (1024K)]
  0x000001f07ea78db0 JavaThread "Thread-9"                   daemon [_thread_in_native, id=2920, stack(0x000000dcfcc00000,0x000000dcfcd00000) (1024K)]
  0x000001f07ea7e300 JavaThread "Thread-10"                  daemon [_thread_in_native, id=8328, stack(0x000000dcfcd00000,0x000000dcfce00000) (1024K)]
  0x000001f07ea7c230 JavaThread "pool-2-thread-1"                   [_thread_blocked, id=20972, stack(0x000000dcfce00000,0x000000dcfcf00000) (1024K)]
  0x000001f07ea7ae80 JavaThread "Worker-2"                          [_thread_blocked, id=13392, stack(0x000000dcfcf00000,0x000000dcfd000000) (1024K)]
  0x000001f07ea7f020 JavaThread "WorkspaceEventsHandler"            [_thread_blocked, id=6940, stack(0x000000dcfd000000,0x000000dcfd100000) (1024K)]
  0x000001f07ea7b510 JavaThread "pool-1-thread-1"                   [_thread_in_native, id=17696, stack(0x000000dcfd100000,0x000000dcfd200000) (1024K)]
=>0x000001f000b0b950 JavaThread "C2 CompilerThread1"         daemon [_thread_in_native, id=13580, stack(0x000000dcfd200000,0x000000dcfd300000) (1024K)]
Total: 34

Other Threads:
  0x000001f036ab1470 VMThread "VM Thread"                           [id=3876, stack(0x000000dcfaa00000,0x000000dcfab00000) (1024K)]
  0x000001f02277a760 WatcherThread "VM Periodic Task Thread"        [id=16456, stack(0x000000dcfa900000,0x000000dcfaa00000) (1024K)]
  0x000001f02272cd60 WorkerThread "GC Thread#0"                     [id=17868, stack(0x000000dcfa800000,0x000000dcfa900000) (1024K)]
  0x000001f07e55cfc0 WorkerThread "GC Thread#1"                     [id=18448, stack(0x000000dcfb600000,0x000000dcfb700000) (1024K)]
  0x000001f07e0ef160 WorkerThread "GC Thread#2"                     [id=20820, stack(0x000000dcfb700000,0x000000dcfb800000) (1024K)]
  0x000001f07e0ef500 WorkerThread "GC Thread#3"                     [id=19792, stack(0x000000dcfb800000,0x000000dcfb900000) (1024K)]
  0x000001f07e0ef8a0 WorkerThread "GC Thread#4"                     [id=16552, stack(0x000000dcfb900000,0x000000dcfba00000) (1024K)]
  0x000001f07e0efc40 WorkerThread "GC Thread#5"                     [id=17264, stack(0x000000dcfba00000,0x000000dcfbb00000) (1024K)]
  0x000001f07e0e8140 WorkerThread "GC Thread#6"                     [id=14696, stack(0x000000dcfbb00000,0x000000dcfbc00000) (1024K)]
  0x000001f07e67b2c0 WorkerThread "GC Thread#7"                     [id=2388, stack(0x000000dcfc000000,0x000000dcfc100000) (1024K)]
Total: 10

Threads with active compile tasks:
C2 CompilerThread0  6583 3234       4       java.lang.invoke.MethodType::makeImpl (109 bytes)
C2 CompilerThread1  6583 3267       4       java.lang.invoke.MethodType::methodType (69 bytes)
Total: 2

VM state: not at safepoint (normal execution)

VM Mutex/Monitor currently owned by a thread: None

Heap address: 0x00000000c0000000, size: 1024 MB, Compressed Oops mode: 32-bit

CDS archive(s) mapped at: [0x000001f037000000-0x000001f037ba0000-0x000001f037ba0000), size 12189696, SharedBaseAddress: 0x000001f037000000, ArchiveRelocationMode: 1.
Compressed class space mapped at: 0x000001f038000000-0x000001f078000000, reserved size: 1073741824
Narrow klass base: 0x000001f037000000, Narrow klass shift: 0, Narrow klass range: 0x100000000

GC Precious Log:
 CardTable entry size: 512
 CPUs: 8 total, 8 available
 Memory: 7926M
 Large Page Support: Disabled
 NUMA Support: Disabled
 Compressed Oops: Enabled (32-bit)
 Alignments: Space 512K, Generation 512K, Heap 2M
 Heap Min Capacity: 100M
 Heap Initial Capacity: 100M
 Heap Max Capacity: 1G
 Pre-touch: Disabled
 Parallel Workers: 8

Heap:
 PSYoungGen      total 26624K, used 22341K [0x00000000eab00000, 0x00000000eca80000, 0x0000000100000000)
  eden space 24576K, 84% used [0x00000000eab00000,0x00000000ebf34aa8,0x00000000ec300000)
  from space 2048K, 80% used [0x00000000ec480000,0x00000000ec61cad8,0x00000000ec680000)
  to   space 3072K, 0% used [0x00000000ec780000,0x00000000ec780000,0x00000000eca80000)
 ParOldGen       total 68608K, used 10566K [0x00000000c0000000, 0x00000000c4300000, 0x00000000eab00000)
  object space 68608K, 15% used [0x00000000c0000000,0x00000000c0a51900,0x00000000c4300000)
 Metaspace       used 28501K, committed 29312K, reserved 1114112K
  class space    used 2773K, committed 3136K, reserved 1048576K

Card table byte_map: [0x000001f0220c0000,0x000001f0222d0000] _byte_map_base: 0x000001f021ac0000

Marking Bits: (ParMarkBitMap*) 0x00007ffba7783260
 Begin Bits: [0x000001f034910000, 0x000001f035910000)
 End Bits:   [0x000001f035910000, 0x000001f036910000)

Polling page: 0x000001f0205b0000

Metaspace:

Usage:
  Non-class:     25.13 MB used.
      Class:      2.71 MB used.
       Both:     27.83 MB used.

Virtual space:
  Non-class space:       64.00 MB reserved,      25.56 MB ( 40%) committed,  1 nodes.
      Class space:        1.00 GB reserved,       3.06 MB ( <1%) committed,  1 nodes.
             Both:        1.06 GB reserved,      28.62 MB (  3%) committed. 

Chunk freelists:
   Non-Class:  6.05 MB
       Class:  12.94 MB
        Both:  18.99 MB

MaxMetaspaceSize: unlimited
CompressedClassSpaceSize: 1.00 GB
Initial GC threshold: 21.00 MB
Current GC threshold: 35.00 MB
CDS: on
 - commit_granule_bytes: 65536.
 - commit_granule_words: 8192.
 - virtual_space_node_default_size: 8388608.
 - enlarge_chunks_in_place: 1.
 - use_allocation_guard: 0.


Internal statistics:

num_allocs_failed_limit: 3.
num_arena_births: 544.
num_arena_deaths: 14.
num_vsnodes_births: 2.
num_vsnodes_deaths: 0.
num_space_committed: 458.
num_space_uncommitted: 0.
num_chunks_returned_to_freelist: 17.
num_chunks_taken_from_freelist: 1614.
num_chunk_merges: 9.
num_chunk_splits: 1080.
num_chunks_enlarged: 695.
num_inconsistent_stats: 0.

CodeHeap 'non-profiled nmethods': size=120000Kb used=1570Kb max_used=1570Kb free=118429Kb
 bounds [0x000001f02d3e0000, 0x000001f02d650000, 0x000001f034910000]
CodeHeap 'profiled nmethods': size=120000Kb used=6800Kb max_used=6800Kb free=113199Kb
 bounds [0x000001f025910000, 0x000001f025fc0000, 0x000001f02ce40000]
CodeHeap 'non-nmethods': size=5760Kb used=1397Kb max_used=1397Kb free=4362Kb
 bounds [0x000001f02ce40000, 0x000001f02d0b0000, 0x000001f02d3e0000]
 total_blobs=4041 nmethods=3407 adapters=538
 compilation: enabled
              stopped_count=0, restarted_count=0
 full_count=0

Compilation events (20 events):
Event: 6.501 Thread 0x000001f036ae91f0 3398       3       java.lang.reflect.Field::setOverrideFieldAccessor (20 bytes)
Event: 6.501 Thread 0x000001f036ae91f0 nmethod 3398 0x000001f025faee90 code [0x000001f025faf040, 0x000001f025faf280]
Event: 6.501 Thread 0x000001f036ae91f0 3399       3       java.lang.invoke.DirectMethodHandle$Accessor::checkCast (9 bytes)
Event: 6.501 Thread 0x000001f036ae91f0 nmethod 3399 0x000001f025faf390 code [0x000001f025faf560, 0x000001f025faf868]
Event: 6.501 Thread 0x000001f036ae91f0 3400       3       java.lang.invoke.BoundMethodHandle$Species_LLL::make (14 bytes)
Event: 6.501 Thread 0x000001f036ae91f0 nmethod 3400 0x000001f025faf990 code [0x000001f025fafb40, 0x000001f025fafda0]
Event: 6.501 Thread 0x000001f036ae91f0 3401       3       java.lang.invoke.BoundMethodHandle$Species_LLL::<init> (24 bytes)
Event: 6.501 Thread 0x000001f036ae91f0 nmethod 3401 0x000001f025faff10 code [0x000001f025fb00c0, 0x000001f025fb02e0]
Event: 6.501 Thread 0x000001f036ae91f0 3402       3       java.lang.invoke.BoundMethodHandle$Species_LL::copyWithExtendL (25 bytes)
Event: 6.502 Thread 0x000001f036ae91f0 nmethod 3402 0x000001f025fb0410 code [0x000001f025fb05e0, 0x000001f025fb0a58]
Event: 6.502 Thread 0x000001f036ae91f0 3404       3       java.lang.invoke.DirectMethodHandle::fieldOffset (9 bytes)
Event: 6.502 Thread 0x000001f036ae91f0 nmethod 3404 0x000001f025fb0b90 code [0x000001f025fb0d40, 0x000001f025fb0f30]
Event: 6.502 Thread 0x000001f036ae91f0 3405       3       java.lang.invoke.DirectMethodHandle::checkBase (5 bytes)
Event: 6.502 Thread 0x000001f036ae91f0 nmethod 3405 0x000001f025fb1010 code [0x000001f025fb11c0, 0x000001f025fb1400]
Event: 6.502 Thread 0x000001f036ae91f0 3403       3       java.lang.reflect.Field::acquireOverrideFieldAccessor (46 bytes)
Event: 6.502 Thread 0x000001f036ae91f0 nmethod 3403 0x000001f025fb1510 code [0x000001f025fb1700, 0x000001f025fb1b10]
Event: 6.529 Thread 0x000001f036ae91f0 3407       3       java.nio.charset.CoderResult::isUnderflow (13 bytes)
Event: 6.529 Thread 0x000001f036ae91f0 nmethod 3407 0x000001f025fb1c90 code [0x000001f025fb1e20, 0x000001f025fb1f80]
Event: 6.529 Thread 0x000001f036ae91f0 3408       3       jdk.internal.org.objectweb.asm.SymbolTable::putBootstrapMethods (56 bytes)
Event: 6.529 Thread 0x000001f036ae91f0 nmethod 3408 0x000001f025fb2010 code [0x000001f025fb2220, 0x000001f025fb2540]

GC Heap History (16 events):
Event: 1.365 GC heap before
{Heap before GC invocations=1 (full 0):
 PSYoungGen      total 29696K, used 25600K [0x00000000eab00000, 0x00000000ecc00000, 0x0000000100000000)
  eden space 25600K, 100% used [0x00000000eab00000,0x00000000ec400000,0x00000000ec400000)
  from space 4096K, 0% used [0x00000000ec800000,0x00000000ec800000,0x00000000ecc00000)
  to   space 4096K, 0% used [0x00000000ec400000,0x00000000ec400000,0x00000000ec800000)
 ParOldGen       total 68608K, used 0K [0x00000000c0000000, 0x00000000c4300000, 0x00000000eab00000)
  object space 68608K, 0% used [0x00000000c0000000,0x00000000c0000000,0x00000000c4300000)
 Metaspace       used 4324K, committed 4480K, reserved 1114112K
  class space    used 438K, committed 512K, reserved 1048576K
}
Event: 1.376 GC heap after
{Heap after GC invocations=1 (full 0):
 PSYoungGen      total 29696K, used 3237K [0x00000000eab00000, 0x00000000ecc00000, 0x0000000100000000)
  eden space 25600K, 0% used [0x00000000eab00000,0x00000000eab00000,0x00000000ec400000)
  from space 4096K, 79% used [0x00000000ec400000,0x00000000ec7297f0,0x00000000ec800000)
  to   space 4096K, 0% used [0x00000000ec800000,0x00000000ec800000,0x00000000ecc00000)
 ParOldGen       total 68608K, used 16K [0x00000000c0000000, 0x00000000c4300000, 0x00000000eab00000)
  object space 68608K, 0% used [0x00000000c0000000,0x00000000c0004000,0x00000000c4300000)
 Metaspace       used 4324K, committed 4480K, reserved 1114112K
  class space    used 438K, committed 512K, reserved 1048576K
}
Event: 2.384 GC heap before
{Heap before GC invocations=2 (full 0):
 PSYoungGen      total 29696K, used 28837K [0x00000000eab00000, 0x00000000ecc00000, 0x0000000100000000)
  eden space 25600K, 100% used [0x00000000eab00000,0x00000000ec400000,0x00000000ec400000)
  from space 4096K, 79% used [0x00000000ec400000,0x00000000ec7297f0,0x00000000ec800000)
  to   space 4096K, 0% used [0x00000000ec800000,0x00000000ec800000,0x00000000ecc00000)
 ParOldGen       total 68608K, used 16K [0x00000000c0000000, 0x00000000c4300000, 0x00000000eab00000)
  object space 68608K, 0% used [0x00000000c0000000,0x00000000c0004000,0x00000000c4300000)
 Metaspace       used 8097K, committed 8448K, reserved 1114112K
  class space    used 804K, committed 960K, reserved 1048576K
}
Event: 2.390 GC heap after
{Heap after GC invocations=2 (full 0):
 PSYoungGen      total 29696K, used 4084K [0x00000000eab00000, 0x00000000ecc00000, 0x0000000100000000)
  eden space 25600K, 0% used [0x00000000eab00000,0x00000000eab00000,0x00000000ec400000)
  from space 4096K, 99% used [0x00000000ec800000,0x00000000ecbfd168,0x00000000ecc00000)
  to   space 4096K, 0% used [0x00000000ec400000,0x00000000ec400000,0x00000000ec800000)
 ParOldGen       total 68608K, used 879K [0x00000000c0000000, 0x00000000c4300000, 0x00000000eab00000)
  object space 68608K, 1% used [0x00000000c0000000,0x00000000c00dbeb8,0x00000000c4300000)
 Metaspace       used 8097K, committed 8448K, reserved 1114112K
  class space    used 804K, committed 960K, reserved 1048576K
}
Event: 3.392 GC heap before
{Heap before GC invocations=3 (full 0):
 PSYoungGen      total 29696K, used 29684K [0x00000000eab00000, 0x00000000ecc00000, 0x0000000100000000)
  eden space 25600K, 100% used [0x00000000eab00000,0x00000000ec400000,0x00000000ec400000)
  from space 4096K, 99% used [0x00000000ec800000,0x00000000ecbfd168,0x00000000ecc00000)
  to   space 4096K, 0% used [0x00000000ec400000,0x00000000ec400000,0x00000000ec800000)
 ParOldGen       total 68608K, used 879K [0x00000000c0000000, 0x00000000c4300000, 0x00000000eab00000)
  object space 68608K, 1% used [0x00000000c0000000,0x00000000c00dbeb8,0x00000000c4300000)
 Metaspace       used 12896K, committed 13440K, reserved 1114112K
  class space    used 1297K, committed 1536K, reserved 1048576K
}
Event: 3.397 GC heap after
{Heap after GC invocations=3 (full 0):
 PSYoungGen      total 29696K, used 4067K [0x00000000eab00000, 0x00000000ecc00000, 0x0000000100000000)
  eden space 25600K, 0% used [0x00000000eab00000,0x00000000eab00000,0x00000000ec400000)
  from space 4096K, 99% used [0x00000000ec400000,0x00000000ec7f8e98,0x00000000ec800000)
  to   space 4096K, 0% used [0x00000000ec800000,0x00000000ec800000,0x00000000ecc00000)
 ParOldGen       total 68608K, used 2713K [0x00000000c0000000, 0x00000000c4300000, 0x00000000eab00000)
  object space 68608K, 3% used [0x00000000c0000000,0x00000000c02a66f8,0x00000000c4300000)
 Metaspace       used 12896K, committed 13440K, reserved 1114112K
  class space    used 1297K, committed 1536K, reserved 1048576K
}
Event: 3.798 GC heap before
{Heap before GC invocations=4 (full 0):
 PSYoungGen      total 29696K, used 29667K [0x00000000eab00000, 0x00000000ecc00000, 0x0000000100000000)
  eden space 25600K, 100% used [0x00000000eab00000,0x00000000ec400000,0x00000000ec400000)
  from space 4096K, 99% used [0x00000000ec400000,0x00000000ec7f8e98,0x00000000ec800000)
  to   space 4096K, 0% used [0x00000000ec800000,0x00000000ec800000,0x00000000ecc00000)
 ParOldGen       total 68608K, used 2713K [0x00000000c0000000, 0x00000000c4300000, 0x00000000eab00000)
  object space 68608K, 3% used [0x00000000c0000000,0x00000000c02a66f8,0x00000000c4300000)
 Metaspace       used 15630K, committed 16192K, reserved 1114112K
  class space    used 1555K, committed 1792K, reserved 1048576K
}
Event: 3.803 GC heap after
{Heap after GC invocations=4 (full 0):
 PSYoungGen      total 29696K, used 4080K [0x00000000eab00000, 0x00000000ecc00000, 0x0000000100000000)
  eden space 25600K, 0% used [0x00000000eab00000,0x00000000eab00000,0x00000000ec400000)
  from space 4096K, 99% used [0x00000000ec800000,0x00000000ecbfc110,0x00000000ecc00000)
  to   space 4096K, 0% used [0x00000000ec400000,0x00000000ec400000,0x00000000ec800000)
 ParOldGen       total 68608K, used 5249K [0x00000000c0000000, 0x00000000c4300000, 0x00000000eab00000)
  object space 68608K, 7% used [0x00000000c0000000,0x00000000c05205f8,0x00000000c4300000)
 Metaspace       used 15630K, committed 16192K, reserved 1114112K
  class space    used 1555K, committed 1792K, reserved 1048576K
}
Event: 4.219 GC heap before
{Heap before GC invocations=5 (full 0):
 PSYoungGen      total 29696K, used 29680K [0x00000000eab00000, 0x00000000ecc00000, 0x0000000100000000)
  eden space 25600K, 100% used [0x00000000eab00000,0x00000000ec400000,0x00000000ec400000)
  from space 4096K, 99% used [0x00000000ec800000,0x00000000ecbfc110,0x00000000ecc00000)
  to   space 4096K, 0% used [0x00000000ec400000,0x00000000ec400000,0x00000000ec800000)
 ParOldGen       total 68608K, used 5249K [0x00000000c0000000, 0x00000000c4300000, 0x00000000eab00000)
  object space 68608K, 7% used [0x00000000c0000000,0x00000000c05205f8,0x00000000c4300000)
 Metaspace       used 19828K, committed 20352K, reserved 1114112K
  class space    used 1855K, committed 2048K, reserved 1048576K
}
Event: 4.225 GC heap after
{Heap after GC invocations=5 (full 0):
 PSYoungGen      total 29184K, used 4068K [0x00000000eab00000, 0x00000000ed080000, 0x0000000100000000)
  eden space 25088K, 0% used [0x00000000eab00000,0x00000000eab00000,0x00000000ec380000)
  from space 4096K, 99% used [0x00000000ec400000,0x00000000ec7f93d8,0x00000000ec800000)
  to   space 6656K, 0% used [0x00000000eca00000,0x00000000eca00000,0x00000000ed080000)
 ParOldGen       total 68608K, used 7196K [0x00000000c0000000, 0x00000000c4300000, 0x00000000eab00000)
  object space 68608K, 10% used [0x00000000c0000000,0x00000000c0707028,0x00000000c4300000)
 Metaspace       used 19828K, committed 20352K, reserved 1114112K
  class space    used 1855K, committed 2048K, reserved 1048576K
}
Event: 4.697 GC heap before
{Heap before GC invocations=6 (full 0):
 PSYoungGen      total 29184K, used 24784K [0x00000000eab00000, 0x00000000ed080000, 0x0000000100000000)
  eden space 25088K, 82% used [0x00000000eab00000,0x00000000ebf3ad18,0x00000000ec380000)
  from space 4096K, 99% used [0x00000000ec400000,0x00000000ec7f93d8,0x00000000ec800000)
  to   space 6656K, 0% used [0x00000000eca00000,0x00000000eca00000,0x00000000ed080000)
 ParOldGen       total 68608K, used 7196K [0x00000000c0000000, 0x00000000c4300000, 0x00000000eab00000)
  object space 68608K, 10% used [0x00000000c0000000,0x00000000c0707028,0x00000000c4300000)
 Metaspace       used 20916K, committed 21504K, reserved 1114112K
  class space    used 1923K, committed 2176K, reserved 1048576K
}
Event: 4.703 GC heap after
{Heap after GC invocations=6 (full 0):
 PSYoungGen      total 30720K, used 5241K [0x00000000eab00000, 0x00000000ecf80000, 0x0000000100000000)
  eden space 25088K, 0% used [0x00000000eab00000,0x00000000eab00000,0x00000000ec380000)
  from space 5632K, 93% used [0x00000000eca00000,0x00000000ecf1e700,0x00000000ecf80000)
  to   space 5632K, 0% used [0x00000000ec480000,0x00000000ec480000,0x00000000eca00000)
 ParOldGen       total 68608K, used 7204K [0x00000000c0000000, 0x00000000c4300000, 0x00000000eab00000)
  object space 68608K, 10% used [0x00000000c0000000,0x00000000c0709028,0x00000000c4300000)
 Metaspace       used 20916K, committed 21504K, reserved 1114112K
  class space    used 1923K, committed 2176K, reserved 1048576K
}
Event: 4.703 GC heap before
{Heap before GC invocations=7 (full 1):
 PSYoungGen      total 30720K, used 5241K [0x00000000eab00000, 0x00000000ecf80000, 0x0000000100000000)
  eden space 25088K, 0% used [0x00000000eab00000,0x00000000eab00000,0x00000000ec380000)
  from space 5632K, 93% used [0x00000000eca00000,0x00000000ecf1e700,0x00000000ecf80000)
  to   space 5632K, 0% used [0x00000000ec480000,0x00000000ec480000,0x00000000eca00000)
 ParOldGen       total 68608K, used 7204K [0x00000000c0000000, 0x00000000c4300000, 0x00000000eab00000)
  object space 68608K, 10% used [0x00000000c0000000,0x00000000c0709028,0x00000000c4300000)
 Metaspace       used 20916K, committed 21504K, reserved 1114112K
  class space    used 1923K, committed 2176K, reserved 1048576K
}
Event: 4.738 GC heap after
{Heap after GC invocations=7 (full 1):
 PSYoungGen      total 30720K, used 0K [0x00000000eab00000, 0x00000000ecf80000, 0x0000000100000000)
  eden space 25088K, 0% used [0x00000000eab00000,0x00000000eab00000,0x00000000ec380000)
  from space 5632K, 0% used [0x00000000eca00000,0x00000000eca00000,0x00000000ecf80000)
  to   space 5632K, 0% used [0x00000000ec480000,0x00000000ec480000,0x00000000eca00000)
 ParOldGen       total 68608K, used 10558K [0x00000000c0000000, 0x00000000c4300000, 0x00000000eab00000)
  object space 68608K, 15% used [0x00000000c0000000,0x00000000c0a4f900,0x00000000c4300000)
 Metaspace       used 20904K, committed 21504K, reserved 1114112K
  class space    used 1919K, committed 2176K, reserved 1048576K
}
Event: 5.868 GC heap before
{Heap before GC invocations=8 (full 1):
 PSYoungGen      total 30720K, used 25088K [0x00000000eab00000, 0x00000000ecf80000, 0x0000000100000000)
  eden space 25088K, 100% used [0x00000000eab00000,0x00000000ec380000,0x00000000ec380000)
  from space 5632K, 0% used [0x00000000eca00000,0x00000000eca00000,0x00000000ecf80000)
  to   space 5632K, 0% used [0x00000000ec480000,0x00000000ec480000,0x00000000eca00000)
 ParOldGen       total 68608K, used 10558K [0x00000000c0000000, 0x00000000c4300000, 0x00000000eab00000)
  object space 68608K, 15% used [0x00000000c0000000,0x00000000c0a4f900,0x00000000c4300000)
 Metaspace       used 25451K, committed 26240K, reserved 1114112K
  class space    used 2395K, committed 2752K, reserved 1048576K
}
Event: 5.871 GC heap after
{Heap after GC invocations=8 (full 1):
 PSYoungGen      total 26624K, used 1650K [0x00000000eab00000, 0x00000000eca80000, 0x0000000100000000)
  eden space 24576K, 0% used [0x00000000eab00000,0x00000000eab00000,0x00000000ec300000)
  from space 2048K, 80% used [0x00000000ec480000,0x00000000ec61cad8,0x00000000ec680000)
  to   space 3072K, 0% used [0x00000000ec780000,0x00000000ec780000,0x00000000eca80000)
 ParOldGen       total 68608K, used 10566K [0x00000000c0000000, 0x00000000c4300000, 0x00000000eab00000)
  object space 68608K, 15% used [0x00000000c0000000,0x00000000c0a51900,0x00000000c4300000)
 Metaspace       used 25451K, committed 26240K, reserved 1114112K
  class space    used 2395K, committed 2752K, reserved 1048576K
}

Dll operation events (10 events):
Event: 0.054 Loaded shared library c:\Users\kille\.vscode\extensions\redhat.java-1.41.1-win32-x64\jre\21.0.6-win32-x86_64\bin\java.dll
Event: 0.234 Loaded shared library c:\Users\kille\.vscode\extensions\redhat.java-1.41.1-win32-x64\jre\21.0.6-win32-x86_64\bin\zip.dll
Event: 0.261 Loaded shared library C:\Users\kille\.vscode\extensions\redhat.java-1.41.1-win32-x64\jre\21.0.6-win32-x86_64\bin\instrument.dll
Event: 0.268 Loaded shared library C:\Users\kille\.vscode\extensions\redhat.java-1.41.1-win32-x64\jre\21.0.6-win32-x86_64\bin\net.dll
Event: 0.270 Loaded shared library C:\Users\kille\.vscode\extensions\redhat.java-1.41.1-win32-x64\jre\21.0.6-win32-x86_64\bin\nio.dll
Event: 0.273 Loaded shared library C:\Users\kille\.vscode\extensions\redhat.java-1.41.1-win32-x64\jre\21.0.6-win32-x86_64\bin\zip.dll
Event: 0.302 Loaded shared library C:\Users\kille\.vscode\extensions\redhat.java-1.41.1-win32-x64\jre\21.0.6-win32-x86_64\bin\jimage.dll
Event: 0.409 Loaded shared library c:\Users\kille\.vscode\extensions\redhat.java-1.41.1-win32-x64\jre\21.0.6-win32-x86_64\bin\verify.dll
Event: 2.317 Loaded shared library C:\Users\kille\AppData\Roaming\Code\User\globalStorage\redhat.java\1.41.1\config_ss_win\org.eclipse.equinox.launcher\org.eclipse.equinox.launcher.win32.win32.x86_64_1.2.1300.v20250331-1702\eclipse_11911.dll
Event: 5.504 Loaded shared library C:\Users\kille\AppData\Local\Temp\jna-102052039\jna18025209868258858216.dll

Deoptimization events (20 events):
Event: 6.170 Thread 0x000001f07ea7b510 Uncommon trap: trap_request=0xffffffde fr.pc=0x000001f02d55e14c relative=0x000000000000012c
Event: 6.170 Thread 0x000001f07ea7b510 Uncommon trap: reason=class_check action=maybe_recompile pc=0x000001f02d55e14c method=jdk.internal.misc.Unsafe.allocateUninitializedArray(Ljava/lang/Class;I)Ljava/lang/Object; @ 51 c2
Event: 6.170 Thread 0x000001f07ea7b510 DEOPT PACKING pc=0x000001f02d55e14c sp=0x000000dcfd1fcd80
Event: 6.170 Thread 0x000001f07ea7b510 DEOPT UNPACKING pc=0x000001f02ce96da2 sp=0x000000dcfd1fccf8 mode 2
Event: 6.172 Thread 0x000001f07ea7b510 Uncommon trap: trap_request=0xffffffde fr.pc=0x000001f02d55e14c relative=0x000000000000012c
Event: 6.172 Thread 0x000001f07ea7b510 Uncommon trap: reason=class_check action=maybe_recompile pc=0x000001f02d55e14c method=jdk.internal.misc.Unsafe.allocateUninitializedArray(Ljava/lang/Class;I)Ljava/lang/Object; @ 51 c2
Event: 6.172 Thread 0x000001f07ea7b510 DEOPT PACKING pc=0x000001f02d55e14c sp=0x000000dcfd1fd290
Event: 6.172 Thread 0x000001f07ea7b510 DEOPT UNPACKING pc=0x000001f02ce96da2 sp=0x000000dcfd1fd208 mode 2
Event: 6.173 Thread 0x000001f07ea7b510 Uncommon trap: trap_request=0xffffffde fr.pc=0x000001f02d55e14c relative=0x000000000000012c
Event: 6.173 Thread 0x000001f07ea7b510 Uncommon trap: reason=class_check action=maybe_recompile pc=0x000001f02d55e14c method=jdk.internal.misc.Unsafe.allocateUninitializedArray(Ljava/lang/Class;I)Ljava/lang/Object; @ 51 c2
Event: 6.173 Thread 0x000001f07ea7b510 DEOPT PACKING pc=0x000001f02d55e14c sp=0x000000dcfd1fd590
Event: 6.173 Thread 0x000001f07ea7b510 DEOPT UNPACKING pc=0x000001f02ce96da2 sp=0x000000dcfd1fd508 mode 2
Event: 6.174 Thread 0x000001f07ea7b510 Uncommon trap: trap_request=0xffffffde fr.pc=0x000001f02d55e14c relative=0x000000000000012c
Event: 6.174 Thread 0x000001f07ea7b510 Uncommon trap: reason=class_check action=maybe_recompile pc=0x000001f02d55e14c method=jdk.internal.misc.Unsafe.allocateUninitializedArray(Ljava/lang/Class;I)Ljava/lang/Object; @ 51 c2
Event: 6.174 Thread 0x000001f07ea7b510 DEOPT PACKING pc=0x000001f02d55e14c sp=0x000000dcfd1fced0
Event: 6.174 Thread 0x000001f07ea7b510 DEOPT UNPACKING pc=0x000001f02ce96da2 sp=0x000000dcfd1fce48 mode 2
Event: 6.532 Thread 0x000001f07ea7b510 Uncommon trap: trap_request=0xffffff45 fr.pc=0x000001f02d4759f0 relative=0x00000000000004f0
Event: 6.532 Thread 0x000001f07ea7b510 Uncommon trap: reason=unstable_if action=reinterpret pc=0x000001f02d4759f0 method=java.util.HashMap$HashIterator.<init>(Ljava/util/HashMap;)V @ 45 c2
Event: 6.532 Thread 0x000001f07ea7b510 DEOPT PACKING pc=0x000001f02d4759f0 sp=0x000000dcfd1fe400
Event: 6.532 Thread 0x000001f07ea7b510 DEOPT UNPACKING pc=0x000001f02ce96da2 sp=0x000000dcfd1fe270 mode 2

Classes loaded (20 events):
Event: 6.149 Loading class java/time/format/Parsed
Event: 6.149 Loading class java/time/format/Parsed done
Event: 6.181 Loading class sun/reflect/generics/repository/FieldRepository
Event: 6.181 Loading class sun/reflect/generics/repository/FieldRepository done
Event: 6.190 Loading class jdk/internal/reflect/MethodHandleIntegerFieldAccessorImpl
Event: 6.191 Loading class jdk/internal/reflect/MethodHandleIntegerFieldAccessorImpl done
Event: 6.275 Loading class java/io/InvalidObjectException
Event: 6.275 Loading class java/io/ObjectStreamException
Event: 6.275 Loading class java/io/ObjectStreamException done
Event: 6.275 Loading class java/io/InvalidObjectException done
Event: 6.390 Loading class java/util/ServiceConfigurationError
Event: 6.390 Loading class java/util/ServiceConfigurationError done
Event: 6.438 Loading class java/util/concurrent/CompletableFuture$AltResult
Event: 6.438 Loading class java/util/concurrent/CompletableFuture$AltResult done
Event: 6.438 Loading class java/util/concurrent/CompletableFuture$Completion
Event: 6.440 Loading class java/util/concurrent/CompletableFuture$AsynchronousCompletionTask
Event: 6.440 Loading class java/util/concurrent/CompletableFuture$AsynchronousCompletionTask done
Event: 6.440 Loading class java/util/concurrent/CompletableFuture$Completion done
Event: 6.448 Loading class sun/nio/ch/WindowsAsynchronousFileChannelImpl$WriteTask
Event: 6.448 Loading class sun/nio/ch/WindowsAsynchronousFileChannelImpl$WriteTask done

Classes unloaded (7 events):
Event: 4.709 Thread 0x000001f036ab1470 Unloading class 0x000001f038183400 'java/lang/invoke/LambdaForm$MH+0x000001f038183400'
Event: 4.709 Thread 0x000001f036ab1470 Unloading class 0x000001f038183000 'java/lang/invoke/LambdaForm$MH+0x000001f038183000'
Event: 4.709 Thread 0x000001f036ab1470 Unloading class 0x000001f038182c00 'java/lang/invoke/LambdaForm$MH+0x000001f038182c00'
Event: 4.709 Thread 0x000001f036ab1470 Unloading class 0x000001f038182800 'java/lang/invoke/LambdaForm$MH+0x000001f038182800'
Event: 4.709 Thread 0x000001f036ab1470 Unloading class 0x000001f038182400 'java/lang/invoke/LambdaForm$BMH+0x000001f038182400'
Event: 4.709 Thread 0x000001f036ab1470 Unloading class 0x000001f038182000 'java/lang/invoke/LambdaForm$DMH+0x000001f038182000'
Event: 4.709 Thread 0x000001f036ab1470 Unloading class 0x000001f038180c00 'java/lang/invoke/LambdaForm$DMH+0x000001f038180c00'

Classes redefined (0 events):
No events

Internal exceptions (20 events):
Event: 5.619 Thread 0x000001f036acd420 Exception <a 'java/lang/UnsatisfiedLinkError'{0x00000000ebc04d88}: The specified procedure could not be found.
> (0x00000000ebc04d88) 
thrown [s\src\hotspot\share\prims\jni.cpp, line 539]
Event: 5.632 Thread 0x000001f036acd420 Exception <a 'java/lang/NoSuchMethodError'{0x00000000ebc10fc0}: 'void java.lang.invoke.Invokers$Holder.invokeExact_MT(java.lang.Object, java.lang.Object, int, java.lang.Object)'> (0x00000000ebc10fc0) 
thrown [s\src\hotspot\share\interpreter\linkResolver.cpp, line 773]
Event: 5.712 Thread 0x000001f0203b63c0 Exception <a 'java/lang/NoSuchMethodError'{0x00000000ebed5820}: 'java.lang.Object java.lang.invoke.DirectMethodHandle$Holder.invokeStatic(java.lang.Object, long, java.lang.Object)'> (0x00000000ebed5820) 
thrown [s\src\hotspot\share\interpreter\linkResolver.cpp, line 773]
Event: 5.713 Thread 0x000001f0203b63c0 Exception <a 'java/lang/NoSuchMethodError'{0x00000000ebed8eb8}: 'java.lang.Object java.lang.invoke.DirectMethodHandle$Holder.invokeStaticInit(java.lang.Object, long, java.lang.Object)'> (0x00000000ebed8eb8) 
thrown [s\src\hotspot\share\interpreter\linkResolver.cpp, line 773]
Event: 5.714 Thread 0x000001f0203b63c0 Exception <a 'java/lang/NoSuchMethodError'{0x00000000ebefaed0}: 'java.lang.Object java.lang.invoke.DirectMethodHandle$Holder.newInvokeSpecial(java.lang.Object, long)'> (0x00000000ebefaed0) 
thrown [s\src\hotspot\share\interpreter\linkResolver.cpp, line 773]
Event: 5.853 Thread 0x000001f07ea7c8c0 Exception <a 'java/io/FileNotFoundException'{0x00000000ec3050e0}> (0x00000000ec3050e0) 
thrown [s\src\hotspot\share\prims\jni.cpp, line 520]
Event: 5.854 Thread 0x000001f07ea7c8c0 Exception <a 'java/io/FileNotFoundException'{0x00000000ec306368}> (0x00000000ec306368) 
thrown [s\src\hotspot\share\prims\jni.cpp, line 520]
Event: 5.860 Thread 0x000001f07ea7c8c0 Exception <a 'java/lang/NoSuchMethodError'{0x00000000ec329878}: 'java.lang.Object java.lang.invoke.DirectMethodHandle$Holder.newInvokeSpecial(java.lang.Object, java.lang.Object, java.lang.Object, int)'> (0x00000000ec329878) 
thrown [s\src\hotspot\share\interpreter\linkResolver.cpp, line 773]
Event: 5.861 Thread 0x000001f07ea7c8c0 Exception <a 'java/lang/NoSuchMethodError'{0x00000000ec32d530}: 'java.lang.Object java.lang.invoke.DirectMethodHandle$Holder.invokeSpecial(java.lang.Object, java.lang.Object, java.lang.Object, java.lang.Object, int)'> (0x00000000ec32d530) 
thrown [s\src\hotspot\share\interpreter\linkResolver.cpp, line 773]
Event: 5.861 Thread 0x000001f07ea7c8c0 Exception <a 'java/lang/NoSuchMethodError'{0x00000000ec330c48}: 'java.lang.Object java.lang.invoke.Invokers$Holder.linkToTargetMethod(java.lang.Object, java.lang.Object, int, java.lang.Object)'> (0x00000000ec330c48) 
thrown [s\src\hotspot\share\interpreter\linkResolver.cpp, line 773]
Event: 5.864 Thread 0x000001f07ea7c8c0 Exception <a 'java/lang/NoSuchMethodError'{0x00000000ec33c258}: 'void java.lang.invoke.DirectMethodHandle$Holder.invokeStaticInit(java.lang.Object, java.lang.Object, java.lang.Object)'> (0x00000000ec33c258) 
thrown [s\src\hotspot\share\interpreter\linkResolver.cpp, line 773]
Event: 5.876 Thread 0x000001f07ea7c8c0 Exception <a 'java/io/FileNotFoundException'{0x00000000eab43960}> (0x00000000eab43960) 
thrown [s\src\hotspot\share\prims\jni.cpp, line 520]
Event: 5.876 Thread 0x000001f07ea7c8c0 Exception <a 'java/io/FileNotFoundException'{0x00000000eab446b0}> (0x00000000eab446b0) 
thrown [s\src\hotspot\share\prims\jni.cpp, line 520]
Event: 6.111 Thread 0x000001f0203b63c0 Exception <a 'java/lang/NoSuchMethodError'{0x00000000eb478308}: 'void java.lang.invoke.DirectMethodHandle$Holder.invokeSpecial(java.lang.Object, java.lang.Object, java.lang.Object, java.lang.Object, java.lang.Object, java.lang.Object)'> (0x00000000eb478308) 
thrown [s\src\hotspot\share\interpreter\linkResolver.cpp, line 773]
Event: 6.113 Thread 0x000001f0203b63c0 Exception <a 'java/lang/IncompatibleClassChangeError'{0x00000000eb480830}: Found class java.lang.Object, but interface was expected> (0x00000000eb480830) 
thrown [s\src\hotspot\share\interpreter\linkResolver.cpp, line 840]
Event: 6.113 Thread 0x000001f0203b63c0 Exception <a 'java/lang/IncompatibleClassChangeError'{0x00000000eb482730}: Found class java.lang.Object, but interface was expected> (0x00000000eb482730) 
thrown [s\src\hotspot\share\interpreter\linkResolver.cpp, line 840]
Event: 6.339 Thread 0x000001f07ea7b510 Exception <a 'java/lang/NoSuchMethodError'{0x00000000eba1c650}: 'java.lang.Object java.lang.invoke.DirectMethodHandle$Holder.invokeInterface(java.lang.Object, java.lang.Object, java.lang.Object)'> (0x00000000eba1c650) 
thrown [s\src\hotspot\share\interpreter\linkResolver.cpp, line 773]
Event: 6.367 Thread 0x000001f07ea7b510 Exception <a 'java/io/FileNotFoundException'{0x00000000ebaa7680}> (0x00000000ebaa7680) 
thrown [s\src\hotspot\share\prims\jni.cpp, line 520]
Event: 6.415 Thread 0x000001f07ea7b510 Exception <a 'sun/nio/fs/WindowsException'{0x00000000ebc1d238}> (0x00000000ebc1d238) 
thrown [s\src\hotspot\share\prims\jni.cpp, line 520]
Event: 6.530 Thread 0x000001f07ea7b510 Exception <a 'java/lang/IncompatibleClassChangeError'{0x00000000ebeac7d8}: Found class java.lang.Object, but interface was expected> (0x00000000ebeac7d8) 
thrown [s\src\hotspot\share\interpreter\linkResolver.cpp, line 840]

ZGC Phase Switch (0 events):
No events

VM Operations (20 events):
Event: 4.497 Executing VM operation: HandshakeAllThreads (Deoptimize)
Event: 4.504 Executing VM operation: HandshakeAllThreads (Deoptimize) done
Event: 4.683 Executing VM operation: HandshakeAllThreads (Deoptimize)
Event: 4.683 Executing VM operation: HandshakeAllThreads (Deoptimize) done
Event: 4.697 Executing VM operation: CollectForMetadataAllocation (Metadata GC Threshold)
Event: 4.738 Executing VM operation: CollectForMetadataAllocation (Metadata GC Threshold) done
Event: 4.897 Executing VM operation: HandshakeAllThreads (Deoptimize)
Event: 4.897 Executing VM operation: HandshakeAllThreads (Deoptimize) done
Event: 4.898 Executing VM operation: HandshakeAllThreads (Deoptimize)
Event: 4.898 Executing VM operation: HandshakeAllThreads (Deoptimize) done
Event: 5.142 Executing VM operation: HandshakeAllThreads (Deoptimize)
Event: 5.142 Executing VM operation: HandshakeAllThreads (Deoptimize) done
Event: 5.213 Executing VM operation: HandshakeAllThreads (Deoptimize)
Event: 5.213 Executing VM operation: HandshakeAllThreads (Deoptimize) done
Event: 5.533 Executing VM operation: HandshakeAllThreads (Deoptimize)
Event: 5.533 Executing VM operation: HandshakeAllThreads (Deoptimize) done
Event: 5.867 Executing VM operation: ParallelGCFailedAllocation (Allocation Failure)
Event: 5.871 Executing VM operation: ParallelGCFailedAllocation (Allocation Failure) done
Event: 6.350 Executing VM operation: HandshakeAllThreads (Deoptimize)
Event: 6.350 Executing VM operation: HandshakeAllThreads (Deoptimize) done

Memory protections (0 events):
No events

Nmethod flushes (0 events):
No events

Events (20 events):
Event: 3.944 Thread 0x000001f07ebbf050 Thread exited: 0x000001f07ebbf050
Event: 4.332 Thread 0x000001f036ae91f0 Thread added: 0x000001f07ed10130
Event: 4.573 Thread 0x000001f036acd420 Thread added: 0x000001f07ea7d5e0
Event: 4.784 Thread 0x000001f07ea7d5e0 Thread exited: 0x000001f07ea7d5e0
Event: 5.526 Thread 0x000001f07ed10130 Thread exited: 0x000001f07ed10130
Event: 5.545 Thread 0x000001f036acd420 Thread added: 0x000001f07ea77a00
Event: 5.769 Thread 0x000001f0203b63c0 Thread added: 0x000001f07ea7cf50
Event: 5.769 Thread 0x000001f0203b63c0 Thread added: 0x000001f07ea7e990
Event: 5.769 Thread 0x000001f0203b63c0 Thread added: 0x000001f07ea7bba0
Event: 5.769 Thread 0x000001f0203b63c0 Thread added: 0x000001f07ea7a7f0
Event: 5.769 Thread 0x000001f0203b63c0 Thread added: 0x000001f07ea7a160
Event: 5.769 Thread 0x000001f0203b63c0 Thread added: 0x000001f07ea7d5e0
Event: 5.769 Thread 0x000001f0203b63c0 Thread added: 0x000001f07ea7dc70
Event: 5.769 Thread 0x000001f0203b63c0 Thread added: 0x000001f07ea78db0
Event: 5.770 Thread 0x000001f0203b63c0 Thread added: 0x000001f07ea7e300
Event: 5.802 Thread 0x000001f0203b63c0 Thread added: 0x000001f07ea7c230
Event: 5.807 Thread 0x000001f07ea79ad0 Thread added: 0x000001f07ea7ae80
Event: 6.137 Thread 0x000001f0203b63c0 Thread added: 0x000001f07ea7f020
Event: 6.137 Thread 0x000001f0203b63c0 Thread added: 0x000001f07ea7b510
Event: 6.152 Thread 0x000001f036ae91f0 Thread added: 0x000001f000b0b950


Dynamic libraries:
0x00007ff7cd370000 - 0x00007ff7cd37e000 	c:\Users\kille\.vscode\extensions\redhat.java-1.41.1-win32-x64\jre\21.0.6-win32-x86_64\bin\java.exe
0x00007ffc03e10000 - 0x00007ffc04008000 	C:\WINDOWS\SYSTEM32\ntdll.dll
0x00007ffc03c10000 - 0x00007ffc03cd2000 	C:\WINDOWS\System32\KERNEL32.DLL
0x00007ffc01750000 - 0x00007ffc01a46000 	C:\WINDOWS\System32\KERNELBASE.dll
0x00007ffc01d30000 - 0x00007ffc01e30000 	C:\WINDOWS\System32\ucrtbase.dll
0x00007ffbc1720000 - 0x00007ffbc1738000 	c:\Users\kille\.vscode\extensions\redhat.java-1.41.1-win32-x64\jre\21.0.6-win32-x86_64\bin\jli.dll
0x00007ffc03a70000 - 0x00007ffc03c0d000 	C:\WINDOWS\System32\USER32.dll
0x00007ffc01d00000 - 0x00007ffc01d22000 	C:\WINDOWS\System32\win32u.dll
0x00007ffc03480000 - 0x00007ffc034ab000 	C:\WINDOWS\System32\GDI32.dll
0x00007ffc01b50000 - 0x00007ffc01c6a000 	C:\WINDOWS\System32\gdi32full.dll
0x00007ffc014a0000 - 0x00007ffc0153d000 	C:\WINDOWS\System32\msvcp_win.dll
0x00007ffbef930000 - 0x00007ffbefbca000 	C:\WINDOWS\WinSxS\amd64_microsoft.windows.common-controls_6595b64144ccf1df_6.0.19041.4355_none_60b8b9eb71f62e16\COMCTL32.dll
0x00007ffc02fe0000 - 0x00007ffc0307e000 	C:\WINDOWS\System32\msvcrt.dll
0x00007ffbb88f0000 - 0x00007ffbb890e000 	c:\Users\kille\.vscode\extensions\redhat.java-1.41.1-win32-x64\jre\21.0.6-win32-x86_64\bin\VCRUNTIME140.dll
0x00007ffc02a00000 - 0x00007ffc02a2f000 	C:\WINDOWS\System32\IMM32.DLL
0x00007ffbc3480000 - 0x00007ffbc348c000 	c:\Users\kille\.vscode\extensions\redhat.java-1.41.1-win32-x64\jre\21.0.6-win32-x86_64\bin\vcruntime140_1.dll
0x00007ffbb8680000 - 0x00007ffbb870d000 	c:\Users\kille\.vscode\extensions\redhat.java-1.41.1-win32-x64\jre\21.0.6-win32-x86_64\bin\msvcp140.dll
0x00007ffba6ad0000 - 0x00007ffba7860000 	c:\Users\kille\.vscode\extensions\redhat.java-1.41.1-win32-x64\jre\21.0.6-win32-x86_64\bin\server\jvm.dll
0x00007ffc02630000 - 0x00007ffc026df000 	C:\WINDOWS\System32\ADVAPI32.dll
0x00007ffc03080000 - 0x00007ffc0311f000 	C:\WINDOWS\System32\sechost.dll
0x00007ffc038e0000 - 0x00007ffc03a03000 	C:\WINDOWS\System32\RPCRT4.dll
0x00007ffc01b20000 - 0x00007ffc01b47000 	C:\WINDOWS\System32\bcrypt.dll
0x00007ffc03d60000 - 0x00007ffc03dcb000 	C:\WINDOWS\System32\WS2_32.dll
0x00007ffc00a30000 - 0x00007ffc00a7b000 	C:\WINDOWS\SYSTEM32\POWRPROF.dll
0x00007ffbf4540000 - 0x00007ffbf4567000 	C:\WINDOWS\SYSTEM32\WINMM.dll
0x00007ffbf94d0000 - 0x00007ffbf94da000 	C:\WINDOWS\SYSTEM32\VERSION.dll
0x00007ffc008a0000 - 0x00007ffc008b2000 	C:\WINDOWS\SYSTEM32\UMPDC.dll
0x00007ffbffcc0000 - 0x00007ffbffcd2000 	C:\WINDOWS\SYSTEM32\kernel.appcore.dll
0x00007ffbc2fe0000 - 0x00007ffbc2fea000 	c:\Users\kille\.vscode\extensions\redhat.java-1.41.1-win32-x64\jre\21.0.6-win32-x86_64\bin\jimage.dll
0x00007ffbff200000 - 0x00007ffbff3e4000 	C:\WINDOWS\SYSTEM32\DBGHELP.DLL
0x00007ffbf6650000 - 0x00007ffbf6684000 	C:\WINDOWS\SYSTEM32\dbgcore.DLL
0x00007ffc01c70000 - 0x00007ffc01cf2000 	C:\WINDOWS\System32\bcryptPrimitives.dll
0x00007ffbc17d0000 - 0x00007ffbc17df000 	c:\Users\kille\.vscode\extensions\redhat.java-1.41.1-win32-x64\jre\21.0.6-win32-x86_64\bin\instrument.dll
0x00007ffbb7fe0000 - 0x00007ffbb7fff000 	c:\Users\kille\.vscode\extensions\redhat.java-1.41.1-win32-x64\jre\21.0.6-win32-x86_64\bin\java.dll
0x00007ffc01e30000 - 0x00007ffc0259f000 	C:\WINDOWS\System32\SHELL32.dll
0x00007ffbff500000 - 0x00007ffbffca3000 	C:\WINDOWS\SYSTEM32\windows.storage.dll
0x00007ffc03120000 - 0x00007ffc03475000 	C:\WINDOWS\System32\combase.dll
0x00007ffc00ed0000 - 0x00007ffc00efb000 	C:\WINDOWS\SYSTEM32\Wldp.dll
0x00007ffc02a30000 - 0x00007ffc02afd000 	C:\WINDOWS\System32\OLEAUT32.dll
0x00007ffc02810000 - 0x00007ffc028bd000 	C:\WINDOWS\System32\SHCORE.dll
0x00007ffc02b00000 - 0x00007ffc02b55000 	C:\WINDOWS\System32\shlwapi.dll
0x00007ffc013d0000 - 0x00007ffc013f5000 	C:\WINDOWS\SYSTEM32\profapi.dll
0x00007ffbb7fc0000 - 0x00007ffbb7fd8000 	c:\Users\kille\.vscode\extensions\redhat.java-1.41.1-win32-x64\jre\21.0.6-win32-x86_64\bin\zip.dll
0x00007ffbc08a0000 - 0x00007ffbc08b0000 	C:\Users\kille\.vscode\extensions\redhat.java-1.41.1-win32-x64\jre\21.0.6-win32-x86_64\bin\net.dll
0x00007ffbfd6b0000 - 0x00007ffbfd7ba000 	C:\WINDOWS\SYSTEM32\WINHTTP.dll
0x00007ffc00c30000 - 0x00007ffc00c9c000 	C:\WINDOWS\system32\mswsock.dll
0x00007ffbb4c10000 - 0x00007ffbb4c26000 	C:\Users\kille\.vscode\extensions\redhat.java-1.41.1-win32-x64\jre\21.0.6-win32-x86_64\bin\nio.dll
0x00007ffbc0770000 - 0x00007ffbc0780000 	c:\Users\kille\.vscode\extensions\redhat.java-1.41.1-win32-x64\jre\21.0.6-win32-x86_64\bin\verify.dll
0x00007ffbabe90000 - 0x00007ffbabed5000 	C:\Users\kille\AppData\Roaming\Code\User\globalStorage\redhat.java\1.41.1\config_ss_win\org.eclipse.equinox.launcher\org.eclipse.equinox.launcher.win32.win32.x86_64_1.2.1300.v20250331-1702\eclipse_11911.dll
0x00007ffc037b0000 - 0x00007ffc038db000 	C:\WINDOWS\System32\ole32.dll
0x00007ffc00e20000 - 0x00007ffc00e38000 	C:\WINDOWS\SYSTEM32\CRYPTSP.dll
0x00007ffc004e0000 - 0x00007ffc00518000 	C:\WINDOWS\system32\rsaenh.dll
0x00007ffc01390000 - 0x00007ffc013be000 	C:\WINDOWS\SYSTEM32\USERENV.dll
0x00007ffc00e40000 - 0x00007ffc00e4c000 	C:\WINDOWS\SYSTEM32\CRYPTBASE.dll
0x00007ffc008c0000 - 0x00007ffc008fb000 	C:\WINDOWS\SYSTEM32\IPHLPAPI.DLL
0x00007ffc02790000 - 0x00007ffc02798000 	C:\WINDOWS\System32\NSI.dll
0x00007ffbabc40000 - 0x00007ffbabc89000 	C:\Users\kille\AppData\Local\Temp\jna-102052039\jna18025209868258858216.dll
0x00007ffc037a0000 - 0x00007ffc037a8000 	C:\WINDOWS\System32\PSAPI.DLL
0x00007ffbf9250000 - 0x00007ffbf9267000 	C:\WINDOWS\SYSTEM32\dhcpcsvc6.DLL
0x00007ffbf9570000 - 0x00007ffbf958d000 	C:\WINDOWS\SYSTEM32\dhcpcsvc.DLL

dbghelp: loaded successfully - version: 4.0.5 - missing functions: none
symbol engine: initialized successfully - sym options: 0x614 - pdb path: .;c:\Users\kille\.vscode\extensions\redhat.java-1.41.1-win32-x64\jre\21.0.6-win32-x86_64\bin;C:\WINDOWS\SYSTEM32;C:\WINDOWS\WinSxS\amd64_microsoft.windows.common-controls_6595b64144ccf1df_6.0.19041.4355_none_60b8b9eb71f62e16;c:\Users\kille\.vscode\extensions\redhat.java-1.41.1-win32-x64\jre\21.0.6-win32-x86_64\bin\server;C:\Users\kille\AppData\Roaming\Code\User\globalStorage\redhat.java\1.41.1\config_ss_win\org.eclipse.equinox.launcher\org.eclipse.equinox.launcher.win32.win32.x86_64_1.2.1300.v20250331-1702;C:\Users\kille\AppData\Local\Temp\jna-102052039

VM Arguments:
jvm_args: --add-modules=ALL-SYSTEM --add-opens=java.base/java.util=ALL-UNNAMED --add-opens=java.base/java.lang=ALL-UNNAMED --add-opens=java.base/sun.nio.fs=ALL-UNNAMED -Declipse.application=org.eclipse.jdt.ls.core.id1 -Dosgi.bundles.defaultStartLevel=4 -Declipse.product=org.eclipse.jdt.ls.core.product -Djava.import.generatesMetadataFilesAtProjectRoot=false -DDetectVMInstallationsJob.disabled=true -Dfile.encoding=utf8 -XX:+UseParallelGC -XX:GCTimeRatio=4 -XX:AdaptiveSizePolicyWeight=90 -Dsun.zip.disableMemoryMapping=true -Xmx1G -Xms100m -Xlog:disable -javaagent:c:\Users\kille\.vscode\extensions\redhat.java-1.41.1-win32-x64\lombok\lombok-1.18.36.jar 
java_command: c:\Users\kille\.vscode\extensions\redhat.java-1.41.1-win32-x64\server\plugins\org.eclipse.equinox.launcher_1.7.0.v20250331-1702.jar -configuration c:\Users\kille\AppData\Roaming\Code\User\globalStorage\redhat.java\1.41.1\config_ss_win -data c:\Users\kille\AppData\Roaming\Code\User\workspaceStorage\00459deb50f24b29a4002a671e1decd1\redhat.java\ss_ws --pipe=\\.\pipe\lsp-4c1574c6c3788d706d64c017ca9b6d51-sock
java_class_path (initial): c:\Users\kille\.vscode\extensions\redhat.java-1.41.1-win32-x64\server\plugins\org.eclipse.equinox.launcher_1.7.0.v20250331-1702.jar
Launcher Type: SUN_STANDARD

[Global flags]
    uintx AdaptiveSizePolicyWeight                 = 90                                        {product} {command line}
     intx CICompilerCount                          = 4                                         {product} {ergonomic}
    uintx GCTimeRatio                              = 4                                         {product} {command line}
   size_t InitialHeapSize                          = 104857600                                 {product} {command line}
   size_t MaxHeapSize                              = 1073741824                                {product} {command line}
   size_t MaxNewSize                               = 357564416                                 {product} {ergonomic}
   size_t MinHeapDeltaBytes                        = 524288                                    {product} {ergonomic}
   size_t MinHeapSize                              = 104857600                                 {product} {command line}
   size_t NewSize                                  = 34603008                                  {product} {ergonomic}
    uintx NonNMethodCodeHeapSize                   = 5839372                                {pd product} {ergonomic}
    uintx NonProfiledCodeHeapSize                  = 122909434                              {pd product} {ergonomic}
   size_t OldSize                                  = 70254592                                  {product} {ergonomic}
    uintx ProfiledCodeHeapSize                     = 122909434                              {pd product} {ergonomic}
    uintx ReservedCodeCacheSize                    = 251658240                              {pd product} {ergonomic}
     bool SegmentedCodeCache                       = true                                      {product} {ergonomic}
   size_t SoftMaxHeapSize                          = 1073741824                             {manageable} {ergonomic}
     bool UseCompressedOops                        = true                           {product lp64_product} {ergonomic}
     bool UseLargePagesIndividualAllocation        = false                                  {pd product} {ergonomic}
     bool UseParallelGC                            = true                                      {product} {command line}

Logging:
Log output configuration:
 #0: stdout all=off uptime,level,tags foldmultilines=false
 #1: stderr all=off uptime,level,tags foldmultilines=false

Environment Variables:
JAVA_HOME=C:\Program Files\Eclipse Adoptium\jdk-17.0.13.11-hotspot\
PATH=C:\Program Files\Eclipse Adoptium\jdk-17.0.13.11-hotspot\bin;C:\WINDOWS\system32;C:\WINDOWS;C:\WINDOWS\System32\Wbem;C:\WINDOWS\System32\WindowsPowerShell\v1.0\;C:\WINDOWS\System32\OpenSSH\;C:\Program Files\dotnet\;C:\Program Files (x86)\Microsoft SQL Server\160\Tools\Binn\;C:\Program Files\Microsoft SQL Server\160\Tools\Binn\;C:\Program Files\Microsoft SQL Server\Client SDK\ODBC\170\Tools\Binn\;C:\Program Files\Microsoft SQL Server\160\DTS\Binn\;C:\Program Files (x86)\Microsoft SQL Server\160\DTS\Binn\;C:\xampp\php;C:\composer;C:\Program Files\Microsoft SQL Server\150\Tools\Binn\;C:\Program Files\Git\cmd;D:\Program Files\nodejs\;C:\Program Files\PVsyst8.0.7\;C:\Program Files\MySQL\MySQL Shell 8.0\bin\;C:\Users\kille\AppData\Local\Microsoft\WindowsApps;C:\Users\kille\AppData\Local\Programs\Microsoft VS Code\bin;C:\Users\kille\AppData\Roaming\Composer\vendor\bin;C:\Program Files\JetBrains\PhpStorm 2024.2.1\bin;;C:\Users\kille\AppData\Roaming\npm;C:\Program Files\JetBrains\PyCharm Community Edition 2024.3.1\bin;
USERNAME=kille
OS=Windows_NT
PROCESSOR_IDENTIFIER=Intel64 Family 6 Model 140 Stepping 1, GenuineIntel
TMP=C:\Users\kille\AppData\Local\Temp
TEMP=C:\Users\kille\AppData\Local\Temp




Periodic native trim disabled

---------------  S Y S T E M  ---------------

OS:
 Windows 10 , 64 bit Build 19041 (10.0.19041.5678)
OS uptime: 0 days 14:36 hours

CPU: total 8 (initial active 8) (4 cores per cpu, 2 threads per core) family 6 model 140 stepping 1 microcode 0xba, cx8, cmov, fxsr, ht, mmx, 3dnowpref, sse, sse2, sse3, ssse3, sse4.1, sse4.2, popcnt, lzcnt, tsc, tscinvbit, avx, avx2, aes, erms, clmul, bmi1, bmi2, adx, avx512f, avx512dq, avx512cd, avx512bw, avx512vl, sha, fma, vzeroupper, avx512_vpopcntdq, avx512_vpclmulqdq, avx512_vaes, avx512_vnni, clflush, clflushopt, clwb, avx512_vbmi2, avx512_vbmi, rdtscp, rdpid, fsrm, gfni, avx512_bitalg, f16c, pku, cet_ibt, cet_ss, avx512_ifma
Processor Information for the first 8 processors :
  Max Mhz: 2419, Current Mhz: 2419, Mhz Limit: 2419

Memory: 4k page, system-wide physical 7926M (483M free)
TotalPageFile size 16626M (AvailPageFile size 7M)
current process WorkingSet (physical memory assigned to process): 169M, peak: 172M
current process commit charge ("private bytes"): 270M, peak: 273M

vm_info: OpenJDK 64-Bit Server VM (21.0.6+7-LTS) for windows-amd64 JRE (21.0.6+7-LTS), built on 2025-01-21T00:00:00Z by "admin" with MS VC++ 17.7 (VS2022)

END.
