#
# There is insufficient memory for the Java Runtime Environment to continue.
# Native memory allocation (malloc) failed to allocate 1866320 bytes. Error detail: Chunk::new
# Possible reasons:
#   The system is out of physical RAM or swap space
#   This process is running with CompressedOops enabled, and the Java Heap may be blocking the growth of the native heap
# Possible solutions:
#   Reduce memory load on the system
#   Increase physical memory or swap space
#   Check if swap backing store is full
#   Decrease Java heap size (-Xmx/-Xms)
#   Decrease number of Java threads
#   Decrease Java thread stack sizes (-Xss)
#   Set larger code cache with -XX:ReservedCodeCacheSize=
#   JVM is running with Unscaled Compressed Oops mode in which the Java heap is
#     placed in the first 4GB address space. The Java Heap base address is the
#     maximum limit for the native heap growth. Please use -XX:HeapBaseMinAddress
#     to set the Java Heap base and to place the Java Heap above 4GB virtual address.
# This output file may be truncated or incomplete.
#
#  Out of Memory Error (arena.cpp:168), pid=16304, tid=13072
#
# JRE version: OpenJDK Runtime Environment Temurin-21.0.6+7 (21.0.6+7) (build 21.0.6+7-LTS)
# Java VM: OpenJDK 64-Bit Server VM Temurin-21.0.6+7 (21.0.6+7-LTS, mixed mode, sharing, tiered, compressed oops, compressed class ptrs, parallel gc, windows-amd64)
# No core dump will be written. Minidumps are not enabled by default on client versions of Windows
#

---------------  S U M M A R Y ------------

Command Line: --add-modules=ALL-SYSTEM --add-opens=java.base/java.util=ALL-UNNAMED --add-opens=java.base/java.lang=ALL-UNNAMED --add-opens=java.base/sun.nio.fs=ALL-UNNAMED -Declipse.application=org.eclipse.jdt.ls.core.id1 -Dosgi.bundles.defaultStartLevel=4 -Declipse.product=org.eclipse.jdt.ls.core.product -Djava.import.generatesMetadataFilesAtProjectRoot=false -DDetectVMInstallationsJob.disabled=true -Dfile.encoding=utf8 -XX:+UseParallelGC -XX:GCTimeRatio=4 -XX:AdaptiveSizePolicyWeight=90 -Dsun.zip.disableMemoryMapping=true -Xmx1G -Xms100m -Xlog:disable -javaagent:c:\Users\kille\.vscode\extensions\redhat.java-1.41.1-win32-x64\lombok\lombok-1.18.36.jar -XX:+HeapDumpOnOutOfMemoryError -XX:HeapDumpPath=c:\Users\kille\AppData\Roaming\Code\User\workspaceStorage\00459deb50f24b29a4002a671e1decd1\redhat.java -Daether.dependencyCollector.impl=bf c:\Users\kille\.vscode\extensions\redhat.java-1.41.1-win32-x64\server\plugins\org.eclipse.equinox.launcher_1.7.0.v20250331-1702.jar -configuration c:\Users\kille\AppData\Roaming\Code\User\globalStorage\redhat.java\1.41.1\config_win -data c:\Users\kille\AppData\Roaming\Code\User\workspaceStorage\00459deb50f24b29a4002a671e1decd1\redhat.java\jdt_ws --pipe=\\.\pipe\lsp-9952371bcaf98538d522202fd4e3781c-sock

Host: 11th Gen Intel(R) Core(TM) i5-1135G7 @ 2.40GHz, 8 cores, 7G,  Windows 10 , 64 bit Build 19041 (10.0.19041.5678)
Time: Sat Apr 19 06:52:07 2025 SE Asia Standard Time elapsed time: 7.902223 seconds (0d 0h 0m 7s)

---------------  T H R E A D  ---------------

Current thread (0x000001ba65f93910):  JavaThread "C2 CompilerThread1" daemon [_thread_in_native, id=13072, stack(0x0000007bad700000,0x0000007bad800000) (1024K)]


Current CompileTask:
C2:7902 4116   !   4       org.eclipse.osgi.internal.loader.classpath.ClasspathManager::findClassImpl (343 bytes)

Stack: [0x0000007bad700000,0x0000007bad800000]
Native frames: (J=compiled Java code, j=interpreted, Vv=VM code, C=native code)
V  [jvm.dll+0x6cdee9]
V  [jvm.dll+0x8a83d1]
V  [jvm.dll+0x8aa8fe]
V  [jvm.dll+0x8aafe3]
V  [jvm.dll+0x27f706]
V  [jvm.dll+0xc500d]
V  [jvm.dll+0xc5543]
V  [jvm.dll+0x3b678c]
V  [jvm.dll+0x382935]
V  [jvm.dll+0x381d9a]
V  [jvm.dll+0x2479f0]
V  [jvm.dll+0x246fcf]
V  [jvm.dll+0x1c75ee]
V  [jvm.dll+0x25685a]
V  [jvm.dll+0x254dfa]
V  [jvm.dll+0x3f0256]
V  [jvm.dll+0x851f8b]
V  [jvm.dll+0x6cc5ed]
C  [ucrtbase.dll+0x21bb2]
C  [KERNEL32.DLL+0x17374]
C  [ntdll.dll+0x4cc91]


---------------  P R O C E S S  ---------------

Threads class SMR info:
_java_thread_list=0x000001ba666bd6b0, length=25, elements={
0x000001ba49fb0690, 0x000001ba5e35b3d0, 0x000001ba5e35ccd0, 0x000001ba5e35f860,
0x000001ba5e360770, 0x000001ba5e366f30, 0x000001ba5e36b4a0, 0x000001ba5e37a6c0,
0x000001ba5e3813f0, 0x000001ba640b7730, 0x000001ba642fe170, 0x000001ba6492f950,
0x000001ba64729360, 0x000001ba64d167a0, 0x000001ba64bf61b0, 0x000001ba654ef6d0,
0x000001ba64fd8120, 0x000001ba64edaf20, 0x000001ba6522dd20, 0x000001ba6522e3b0,
0x000001ba6522c2e0, 0x000001ba65f93910, 0x000001ba6522c970, 0x000001ba6522f760,
0x000001ba6522d690
}

Java Threads: ( => current thread )
  0x000001ba49fb0690 JavaThread "main"                              [_thread_blocked, id=19432, stack(0x0000007bab800000,0x0000007bab900000) (1024K)]
  0x000001ba5e35b3d0 JavaThread "Reference Handler"          daemon [_thread_blocked, id=20508, stack(0x0000007babc00000,0x0000007babd00000) (1024K)]
  0x000001ba5e35ccd0 JavaThread "Finalizer"                  daemon [_thread_blocked, id=9576, stack(0x0000007babd00000,0x0000007babe00000) (1024K)]
  0x000001ba5e35f860 JavaThread "Signal Dispatcher"          daemon [_thread_blocked, id=13692, stack(0x0000007babe00000,0x0000007babf00000) (1024K)]
  0x000001ba5e360770 JavaThread "Attach Listener"            daemon [_thread_blocked, id=10416, stack(0x0000007babf00000,0x0000007bac000000) (1024K)]
  0x000001ba5e366f30 JavaThread "Service Thread"             daemon [_thread_blocked, id=17164, stack(0x0000007bac000000,0x0000007bac100000) (1024K)]
  0x000001ba5e36b4a0 JavaThread "Monitor Deflation Thread"   daemon [_thread_blocked, id=12220, stack(0x0000007bac100000,0x0000007bac200000) (1024K)]
  0x000001ba5e37a6c0 JavaThread "C2 CompilerThread0"         daemon [_thread_in_native, id=3668, stack(0x0000007bac200000,0x0000007bac300000) (1024K)]
  0x000001ba5e3813f0 JavaThread "C1 CompilerThread0"         daemon [_thread_blocked, id=1060, stack(0x0000007bac300000,0x0000007bac400000) (1024K)]
  0x000001ba640b7730 JavaThread "Common-Cleaner"             daemon [_thread_blocked, id=11436, stack(0x0000007bac400000,0x0000007bac500000) (1024K)]
  0x000001ba642fe170 JavaThread "Notification Thread"        daemon [_thread_blocked, id=5484, stack(0x0000007bac500000,0x0000007bac600000) (1024K)]
  0x000001ba6492f950 JavaThread "Active Thread: Equinox Container: 63bf859d-6a17-4a08-8f42-19e51656e5f0"        [_thread_blocked, id=11296, stack(0x0000007bacd00000,0x0000007bace00000) (1024K)]
  0x000001ba64729360 JavaThread "Refresh Thread: Equinox Container: 63bf859d-6a17-4a08-8f42-19e51656e5f0" daemon [_thread_blocked, id=15780, stack(0x0000007bace00000,0x0000007bacf00000) (1024K)]
  0x000001ba64d167a0 JavaThread "Framework Event Dispatcher: Equinox Container: 63bf859d-6a17-4a08-8f42-19e51656e5f0" daemon [_thread_blocked, id=18380, stack(0x0000007bad000000,0x0000007bad100000) (1024K)]
  0x000001ba64bf61b0 JavaThread "Start Level: Equinox Container: 63bf859d-6a17-4a08-8f42-19e51656e5f0" daemon [_thread_in_vm, id=15784, stack(0x0000007bad100000,0x0000007bad200000) (1024K)]
  0x000001ba654ef6d0 JavaThread "Bundle File Closer"         daemon [_thread_blocked, id=17520, stack(0x0000007bad200000,0x0000007bad300000) (1024K)]
  0x000001ba64fd8120 JavaThread "SCR Component Actor"        daemon [_thread_blocked, id=10600, stack(0x0000007bac600000,0x0000007bac700000) (1024K)]
  0x000001ba64edaf20 JavaThread "SCR Component Registry"     daemon [_thread_blocked, id=11852, stack(0x0000007bad300000,0x0000007bad400000) (1024K)]
  0x000001ba6522dd20 JavaThread "Worker-JM"                         [_thread_blocked, id=18320, stack(0x0000007bad500000,0x0000007bad600000) (1024K)]
  0x000001ba6522e3b0 JavaThread "Worker-0: Updating Maven Dependencies"        [_thread_in_native, id=10364, stack(0x0000007bad400000,0x0000007bad500000) (1024K)]
  0x000001ba6522c2e0 JavaThread "Worker-1: Repository registry initialization"        [_thread_blocked, id=10916, stack(0x0000007bad600000,0x0000007bad700000) (1024K)]
=>0x000001ba65f93910 JavaThread "C2 CompilerThread1"         daemon [_thread_in_native, id=13072, stack(0x0000007bad700000,0x0000007bad800000) (1024K)]
  0x000001ba6522c970 JavaThread "Worker-2"                          [_thread_blocked, id=20816, stack(0x0000007bad800000,0x0000007bad900000) (1024K)]
  0x000001ba6522f760 JavaThread "Worker-3"                          [_thread_blocked, id=14340, stack(0x0000007bad900000,0x0000007bada00000) (1024K)]
  0x000001ba6522d690 JavaThread "Java indexing"              daemon [_thread_blocked, id=16136, stack(0x0000007bada00000,0x0000007badb00000) (1024K)]
Total: 25

Other Threads:
  0x000001ba5e3526a0 VMThread "VM Thread"                           [id=9492, stack(0x0000007babb00000,0x0000007babc00000) (1024K)]
  0x000001ba4a01ce60 WatcherThread "VM Periodic Task Thread"        [id=13060, stack(0x0000007baba00000,0x0000007babb00000) (1024K)]
  0x000001ba47db15f0 WorkerThread "GC Thread#0"                     [id=19916, stack(0x0000007bab900000,0x0000007baba00000) (1024K)]
  0x000001ba6444d220 WorkerThread "GC Thread#1"                     [id=10256, stack(0x0000007bac700000,0x0000007bac800000) (1024K)]
  0x000001ba64722220 WorkerThread "GC Thread#2"                     [id=6888, stack(0x0000007bac800000,0x0000007bac900000) (1024K)]
  0x000001ba647225c0 WorkerThread "GC Thread#3"                     [id=12800, stack(0x0000007bac900000,0x0000007baca00000) (1024K)]
  0x000001ba64722960 WorkerThread "GC Thread#4"                     [id=2444, stack(0x0000007baca00000,0x0000007bacb00000) (1024K)]
  0x000001ba64ad1370 WorkerThread "GC Thread#5"                     [id=16892, stack(0x0000007bacb00000,0x0000007bacc00000) (1024K)]
  0x000001ba64ad1710 WorkerThread "GC Thread#6"                     [id=19472, stack(0x0000007bacc00000,0x0000007bacd00000) (1024K)]
  0x000001ba64c75f90 WorkerThread "GC Thread#7"                     [id=10076, stack(0x0000007bacf00000,0x0000007bad000000) (1024K)]
Total: 10

Threads with active compile tasks:
C2 CompilerThread0  7919 4222       4       java.util.TreeMap::put (221 bytes)
C2 CompilerThread1  7919 4116   !   4       org.eclipse.osgi.internal.loader.classpath.ClasspathManager::findClassImpl (343 bytes)
Total: 2

VM state: not at safepoint (normal execution)

VM Mutex/Monitor currently owned by a thread: None

Heap address: 0x00000000c0000000, size: 1024 MB, Compressed Oops mode: 32-bit

CDS archive(s) mapped at: [0x000001ba00000000-0x000001ba00ba0000-0x000001ba00ba0000), size 12189696, SharedBaseAddress: 0x000001ba00000000, ArchiveRelocationMode: 1.
Compressed class space mapped at: 0x000001ba01000000-0x000001ba41000000, reserved size: 1073741824
Narrow klass base: 0x000001ba00000000, Narrow klass shift: 0, Narrow klass range: 0x100000000

GC Precious Log:
 CardTable entry size: 512
 CPUs: 8 total, 8 available
 Memory: 7926M
 Large Page Support: Disabled
 NUMA Support: Disabled
 Compressed Oops: Enabled (32-bit)
 Alignments: Space 512K, Generation 512K, Heap 2M
 Heap Min Capacity: 100M
 Heap Initial Capacity: 100M
 Heap Max Capacity: 1G
 Pre-touch: Disabled
 Parallel Workers: 8

Heap:
 PSYoungGen      total 25600K, used 13114K [0x00000000eab00000, 0x00000000ecb00000, 0x0000000100000000)
  eden space 23040K, 46% used [0x00000000eab00000,0x00000000eb584190,0x00000000ec180000)
  from space 2560K, 91% used [0x00000000ec880000,0x00000000ecaca7e0,0x00000000ecb00000)
  to   space 2560K, 0% used [0x00000000ec600000,0x00000000ec600000,0x00000000ec880000)
 ParOldGen       total 68608K, used 15290K [0x00000000c0000000, 0x00000000c4300000, 0x00000000eab00000)
  object space 68608K, 22% used [0x00000000c0000000,0x00000000c0eee850,0x00000000c4300000)
 Metaspace       used 30215K, committed 31232K, reserved 1114112K
  class space    used 2944K, committed 3392K, reserved 1048576K

Card table byte_map: [0x000001ba49990000,0x000001ba49ba0000] _byte_map_base: 0x000001ba49390000

Marking Bits: (ParMarkBitMap*) 0x00007ffba7783260
 Begin Bits: [0x000001ba5c1b0000, 0x000001ba5d1b0000)
 End Bits:   [0x000001ba5d1b0000, 0x000001ba5e1b0000)

Polling page: 0x000001ba49780000

Metaspace:

Usage:
  Non-class:     26.63 MB used.
      Class:      2.88 MB used.
       Both:     29.51 MB used.

Virtual space:
  Non-class space:       64.00 MB reserved,      27.19 MB ( 42%) committed,  1 nodes.
      Class space:        1.00 GB reserved,       3.31 MB ( <1%) committed,  1 nodes.
             Both:        1.06 GB reserved,      30.50 MB (  3%) committed. 

Chunk freelists:
   Non-Class:  4.11 MB
       Class:  12.74 MB
        Both:  16.85 MB

MaxMetaspaceSize: unlimited
CompressedClassSpaceSize: 1.00 GB
Initial GC threshold: 21.00 MB
Current GC threshold: 35.00 MB
CDS: on
 - commit_granule_bytes: 65536.
 - commit_granule_words: 8192.
 - virtual_space_node_default_size: 8388608.
 - enlarge_chunks_in_place: 1.
 - use_allocation_guard: 0.


Internal statistics:

num_allocs_failed_limit: 3.
num_arena_births: 690.
num_arena_deaths: 14.
num_vsnodes_births: 2.
num_vsnodes_deaths: 0.
num_space_committed: 488.
num_space_uncommitted: 0.
num_chunks_returned_to_freelist: 17.
num_chunks_taken_from_freelist: 1874.
num_chunk_merges: 9.
num_chunk_splits: 1222.
num_chunks_enlarged: 768.
num_inconsistent_stats: 0.

CodeHeap 'non-profiled nmethods': size=120000Kb used=2009Kb max_used=2009Kb free=117991Kb
 bounds [0x000001ba54c80000, 0x000001ba54ef0000, 0x000001ba5c1b0000]
CodeHeap 'profiled nmethods': size=120000Kb used=9208Kb max_used=9208Kb free=110791Kb
 bounds [0x000001ba4d1b0000, 0x000001ba4dab0000, 0x000001ba546e0000]
CodeHeap 'non-nmethods': size=5760Kb used=1342Kb max_used=1386Kb free=4417Kb
 bounds [0x000001ba546e0000, 0x000001ba54950000, 0x000001ba54c80000]
 total_blobs=4897 nmethods=4275 adapters=528
 compilation: enabled
              stopped_count=0, restarted_count=0
 full_count=0

Compilation events (20 events):
Event: 7.767 Thread 0x000001ba5e3813f0 4281   !   3       org.eclipse.osgi.internal.loader.SystemBundleLoader::findLocalClass (12 bytes)
Event: 7.767 Thread 0x000001ba5e3813f0 nmethod 4281 0x000001ba4daa9210 code [0x000001ba4daa93c0, 0x000001ba4daa95e0]
Event: 7.771 Thread 0x000001ba5e3813f0 4282       3       java.lang.ClassLoader::definePackage (53 bytes)
Event: 7.772 Thread 0x000001ba5e3813f0 nmethod 4282 0x000001ba4daa9710 code [0x000001ba4daa9920, 0x000001ba4daa9e80]
Event: 7.772 Thread 0x000001ba5e3813f0 4283       3       java.lang.invoke.Invokers$Holder::invokeExact_MT (32 bytes)
Event: 7.773 Thread 0x000001ba5e3813f0 nmethod 4283 0x000001ba4daaa110 code [0x000001ba4daaa320, 0x000001ba4daaac20]
Event: 7.773 Thread 0x000001ba5e3813f0 4284       3       java.lang.invoke.LambdaMetafactory::metafactory (71 bytes)
Event: 7.774 Thread 0x000001ba5e3813f0 nmethod 4284 0x000001ba4daaae90 code [0x000001ba4daab120, 0x000001ba4daabc18]
Event: 7.797 Thread 0x000001ba5e3813f0 4285       3       org.eclipse.osgi.storage.bundlefile.NestedDirBundleFile::prependNestedDir (42 bytes)
Event: 7.798 Thread 0x000001ba5e3813f0 nmethod 4285 0x000001ba4daac110 code [0x000001ba4daac3a0, 0x000001ba4daacf58]
Event: 7.798 Thread 0x000001ba5e3813f0 4286       1       java.util.stream.Collectors$CollectorImpl::characteristics (5 bytes)
Event: 7.798 Thread 0x000001ba5e3813f0 nmethod 4286 0x000001ba54e63b10 code [0x000001ba54e63ca0, 0x000001ba54e63d68]
Event: 7.841 Thread 0x000001ba5e3813f0 4287       1       java.util.logging.LogManager$LoggerContext::getOwner (5 bytes)
Event: 7.842 Thread 0x000001ba5e3813f0 nmethod 4287 0x000001ba54e63e10 code [0x000001ba54e63fa0, 0x000001ba54e64068]
Event: 7.873 Thread 0x000001ba5e3813f0 4288       3       org.eclipse.core.runtime.ServiceCaller$ReferenceAndService::bundleChanged (32 bytes)
Event: 7.874 Thread 0x000001ba5e3813f0 nmethod 4288 0x000001ba4daad490 code [0x000001ba4daad6c0, 0x000001ba4daade18]
Event: 7.880 Thread 0x000001ba5e37a6c0 nmethod 3971 0x000001ba54e64110 code [0x000001ba54e64d00, 0x000001ba54e6de68]
Event: 7.882 Thread 0x000001ba5e37a6c0 4248       4       java.lang.StringBuilder::append (8 bytes)
Event: 7.888 Thread 0x000001ba5e37a6c0 nmethod 4248 0x000001ba54e73c90 code [0x000001ba54e73e80, 0x000001ba54e744b0]
Event: 7.888 Thread 0x000001ba5e37a6c0 4184   !   4       java.util.WeakHashMap::expungeStaleEntries (139 bytes)

GC Heap History (20 events):
Event: 2.126 GC heap before
{Heap before GC invocations=2 (full 0):
 PSYoungGen      total 29696K, used 28790K [0x00000000eab00000, 0x00000000ecc00000, 0x0000000100000000)
  eden space 25600K, 100% used [0x00000000eab00000,0x00000000ec400000,0x00000000ec400000)
  from space 4096K, 77% used [0x00000000ec400000,0x00000000ec71d800,0x00000000ec800000)
  to   space 4096K, 0% used [0x00000000ec800000,0x00000000ec800000,0x00000000ecc00000)
 ParOldGen       total 68608K, used 16K [0x00000000c0000000, 0x00000000c4300000, 0x00000000eab00000)
  object space 68608K, 0% used [0x00000000c0000000,0x00000000c0004000,0x00000000c4300000)
 Metaspace       used 8005K, committed 8320K, reserved 1114112K
  class space    used 785K, committed 960K, reserved 1048576K
}
Event: 2.132 GC heap after
{Heap after GC invocations=2 (full 0):
 PSYoungGen      total 29696K, used 4078K [0x00000000eab00000, 0x00000000ecc00000, 0x0000000100000000)
  eden space 25600K, 0% used [0x00000000eab00000,0x00000000eab00000,0x00000000ec400000)
  from space 4096K, 99% used [0x00000000ec800000,0x00000000ecbfbaa0,0x00000000ecc00000)
  to   space 4096K, 0% used [0x00000000ec400000,0x00000000ec400000,0x00000000ec800000)
 ParOldGen       total 68608K, used 1680K [0x00000000c0000000, 0x00000000c4300000, 0x00000000eab00000)
  object space 68608K, 2% used [0x00000000c0000000,0x00000000c01a43b0,0x00000000c4300000)
 Metaspace       used 8005K, committed 8320K, reserved 1114112K
  class space    used 785K, committed 960K, reserved 1048576K
}
Event: 3.175 GC heap before
{Heap before GC invocations=3 (full 0):
 PSYoungGen      total 29696K, used 29678K [0x00000000eab00000, 0x00000000ecc00000, 0x0000000100000000)
  eden space 25600K, 100% used [0x00000000eab00000,0x00000000ec400000,0x00000000ec400000)
  from space 4096K, 99% used [0x00000000ec800000,0x00000000ecbfbaa0,0x00000000ecc00000)
  to   space 4096K, 0% used [0x00000000ec400000,0x00000000ec400000,0x00000000ec800000)
 ParOldGen       total 68608K, used 1680K [0x00000000c0000000, 0x00000000c4300000, 0x00000000eab00000)
  object space 68608K, 2% used [0x00000000c0000000,0x00000000c01a43b0,0x00000000c4300000)
 Metaspace       used 9176K, committed 9536K, reserved 1114112K
  class space    used 916K, committed 1088K, reserved 1048576K
}
Event: 3.182 GC heap after
{Heap after GC invocations=3 (full 0):
 PSYoungGen      total 29696K, used 4091K [0x00000000eab00000, 0x00000000ecc00000, 0x0000000100000000)
  eden space 25600K, 0% used [0x00000000eab00000,0x00000000eab00000,0x00000000ec400000)
  from space 4096K, 99% used [0x00000000ec400000,0x00000000ec7fece8,0x00000000ec800000)
  to   space 4096K, 0% used [0x00000000ec800000,0x00000000ec800000,0x00000000ecc00000)
 ParOldGen       total 68608K, used 5706K [0x00000000c0000000, 0x00000000c4300000, 0x00000000eab00000)
  object space 68608K, 8% used [0x00000000c0000000,0x00000000c0592918,0x00000000c4300000)
 Metaspace       used 9176K, committed 9536K, reserved 1114112K
  class space    used 916K, committed 1088K, reserved 1048576K
}
Event: 4.078 GC heap before
{Heap before GC invocations=4 (full 0):
 PSYoungGen      total 29696K, used 29691K [0x00000000eab00000, 0x00000000ecc00000, 0x0000000100000000)
  eden space 25600K, 100% used [0x00000000eab00000,0x00000000ec400000,0x00000000ec400000)
  from space 4096K, 99% used [0x00000000ec400000,0x00000000ec7fece8,0x00000000ec800000)
  to   space 4096K, 0% used [0x00000000ec800000,0x00000000ec800000,0x00000000ecc00000)
 ParOldGen       total 68608K, used 5706K [0x00000000c0000000, 0x00000000c4300000, 0x00000000eab00000)
  object space 68608K, 8% used [0x00000000c0000000,0x00000000c0592918,0x00000000c4300000)
 Metaspace       used 12532K, committed 12992K, reserved 1114112K
  class space    used 1238K, committed 1472K, reserved 1048576K
}
Event: 4.084 GC heap after
{Heap after GC invocations=4 (full 0):
 PSYoungGen      total 29696K, used 4086K [0x00000000eab00000, 0x00000000ecc00000, 0x0000000100000000)
  eden space 25600K, 0% used [0x00000000eab00000,0x00000000eab00000,0x00000000ec400000)
  from space 4096K, 99% used [0x00000000ec800000,0x00000000ecbfd838,0x00000000ecc00000)
  to   space 4096K, 0% used [0x00000000ec400000,0x00000000ec400000,0x00000000ec800000)
 ParOldGen       total 68608K, used 6569K [0x00000000c0000000, 0x00000000c4300000, 0x00000000eab00000)
  object space 68608K, 9% used [0x00000000c0000000,0x00000000c066a650,0x00000000c4300000)
 Metaspace       used 12532K, committed 12992K, reserved 1114112K
  class space    used 1238K, committed 1472K, reserved 1048576K
}
Event: 5.163 GC heap before
{Heap before GC invocations=5 (full 0):
 PSYoungGen      total 29696K, used 29686K [0x00000000eab00000, 0x00000000ecc00000, 0x0000000100000000)
  eden space 25600K, 100% used [0x00000000eab00000,0x00000000ec400000,0x00000000ec400000)
  from space 4096K, 99% used [0x00000000ec800000,0x00000000ecbfd838,0x00000000ecc00000)
  to   space 4096K, 0% used [0x00000000ec400000,0x00000000ec400000,0x00000000ec800000)
 ParOldGen       total 68608K, used 6569K [0x00000000c0000000, 0x00000000c4300000, 0x00000000eab00000)
  object space 68608K, 9% used [0x00000000c0000000,0x00000000c066a650,0x00000000c4300000)
 Metaspace       used 16412K, committed 17024K, reserved 1114112K
  class space    used 1622K, committed 1920K, reserved 1048576K
}
Event: 5.168 GC heap after
{Heap after GC invocations=5 (full 0):
 PSYoungGen      total 29184K, used 4067K [0x00000000eab00000, 0x00000000ece80000, 0x0000000100000000)
  eden space 25088K, 0% used [0x00000000eab00000,0x00000000eab00000,0x00000000ec380000)
  from space 4096K, 99% used [0x00000000ec400000,0x00000000ec7f8d40,0x00000000ec800000)
  to   space 5632K, 0% used [0x00000000ec900000,0x00000000ec900000,0x00000000ece80000)
 ParOldGen       total 68608K, used 7951K [0x00000000c0000000, 0x00000000c4300000, 0x00000000eab00000)
  object space 68608K, 11% used [0x00000000c0000000,0x00000000c07c3cc0,0x00000000c4300000)
 Metaspace       used 16412K, committed 17024K, reserved 1114112K
  class space    used 1622K, committed 1920K, reserved 1048576K
}
Event: 5.808 GC heap before
{Heap before GC invocations=6 (full 0):
 PSYoungGen      total 29184K, used 29155K [0x00000000eab00000, 0x00000000ece80000, 0x0000000100000000)
  eden space 25088K, 100% used [0x00000000eab00000,0x00000000ec380000,0x00000000ec380000)
  from space 4096K, 99% used [0x00000000ec400000,0x00000000ec7f8d40,0x00000000ec800000)
  to   space 5632K, 0% used [0x00000000ec900000,0x00000000ec900000,0x00000000ece80000)
 ParOldGen       total 68608K, used 7951K [0x00000000c0000000, 0x00000000c4300000, 0x00000000eab00000)
  object space 68608K, 11% used [0x00000000c0000000,0x00000000c07c3cc0,0x00000000c4300000)
 Metaspace       used 18484K, committed 19200K, reserved 1114112K
  class space    used 1856K, committed 2176K, reserved 1048576K
}
Event: 5.815 GC heap after
{Heap after GC invocations=6 (full 0):
 PSYoungGen      total 29696K, used 4796K [0x00000000eab00000, 0x00000000ece00000, 0x0000000100000000)
  eden space 24576K, 0% used [0x00000000eab00000,0x00000000eab00000,0x00000000ec300000)
  from space 5120K, 93% used [0x00000000ec900000,0x00000000ecdaf3e8,0x00000000ece00000)
  to   space 5120K, 0% used [0x00000000ec400000,0x00000000ec400000,0x00000000ec900000)
 ParOldGen       total 68608K, used 7959K [0x00000000c0000000, 0x00000000c4300000, 0x00000000eab00000)
  object space 68608K, 11% used [0x00000000c0000000,0x00000000c07c5cc0,0x00000000c4300000)
 Metaspace       used 18484K, committed 19200K, reserved 1114112K
  class space    used 1856K, committed 2176K, reserved 1048576K
}
Event: 6.206 GC heap before
{Heap before GC invocations=7 (full 0):
 PSYoungGen      total 29696K, used 20698K [0x00000000eab00000, 0x00000000ece00000, 0x0000000100000000)
  eden space 24576K, 64% used [0x00000000eab00000,0x00000000eba87510,0x00000000ec300000)
  from space 5120K, 93% used [0x00000000ec900000,0x00000000ecdaf3e8,0x00000000ece00000)
  to   space 5120K, 0% used [0x00000000ec400000,0x00000000ec400000,0x00000000ec900000)
 ParOldGen       total 68608K, used 7959K [0x00000000c0000000, 0x00000000c4300000, 0x00000000eab00000)
  object space 68608K, 11% used [0x00000000c0000000,0x00000000c07c5cc0,0x00000000c4300000)
 Metaspace       used 20708K, committed 21504K, reserved 1114112K
  class space    used 2048K, committed 2432K, reserved 1048576K
}
Event: 6.215 GC heap after
{Heap after GC invocations=7 (full 0):
 PSYoungGen      total 29696K, used 5096K [0x00000000eab00000, 0x00000000ed200000, 0x0000000100000000)
  eden space 24576K, 0% used [0x00000000eab00000,0x00000000eab00000,0x00000000ec300000)
  from space 5120K, 99% used [0x00000000ec400000,0x00000000ec8fa3a8,0x00000000ec900000)
  to   space 7680K, 0% used [0x00000000eca80000,0x00000000eca80000,0x00000000ed200000)
 ParOldGen       total 68608K, used 10053K [0x00000000c0000000, 0x00000000c4300000, 0x00000000eab00000)
  object space 68608K, 14% used [0x00000000c0000000,0x00000000c09d1450,0x00000000c4300000)
 Metaspace       used 20708K, committed 21504K, reserved 1114112K
  class space    used 2048K, committed 2432K, reserved 1048576K
}
Event: 6.215 GC heap before
{Heap before GC invocations=8 (full 1):
 PSYoungGen      total 29696K, used 5096K [0x00000000eab00000, 0x00000000ed200000, 0x0000000100000000)
  eden space 24576K, 0% used [0x00000000eab00000,0x00000000eab00000,0x00000000ec300000)
  from space 5120K, 99% used [0x00000000ec400000,0x00000000ec8fa3a8,0x00000000ec900000)
  to   space 7680K, 0% used [0x00000000eca80000,0x00000000eca80000,0x00000000ed200000)
 ParOldGen       total 68608K, used 10053K [0x00000000c0000000, 0x00000000c4300000, 0x00000000eab00000)
  object space 68608K, 14% used [0x00000000c0000000,0x00000000c09d1450,0x00000000c4300000)
 Metaspace       used 20708K, committed 21504K, reserved 1114112K
  class space    used 2048K, committed 2432K, reserved 1048576K
}
Event: 6.256 GC heap after
{Heap after GC invocations=8 (full 1):
 PSYoungGen      total 29696K, used 0K [0x00000000eab00000, 0x00000000ed200000, 0x0000000100000000)
  eden space 24576K, 0% used [0x00000000eab00000,0x00000000eab00000,0x00000000ec300000)
  from space 5120K, 0% used [0x00000000ec400000,0x00000000ec400000,0x00000000ec900000)
  to   space 7680K, 0% used [0x00000000eca80000,0x00000000eca80000,0x00000000ed200000)
 ParOldGen       total 68608K, used 14324K [0x00000000c0000000, 0x00000000c4300000, 0x00000000eab00000)
  object space 68608K, 20% used [0x00000000c0000000,0x00000000c0dfd340,0x00000000c4300000)
 Metaspace       used 20695K, committed 21504K, reserved 1114112K
  class space    used 2045K, committed 2432K, reserved 1048576K
}
Event: 6.751 GC heap before
{Heap before GC invocations=9 (full 1):
 PSYoungGen      total 29696K, used 24576K [0x00000000eab00000, 0x00000000ed200000, 0x0000000100000000)
  eden space 24576K, 100% used [0x00000000eab00000,0x00000000ec300000,0x00000000ec300000)
  from space 5120K, 0% used [0x00000000ec400000,0x00000000ec400000,0x00000000ec900000)
  to   space 7680K, 0% used [0x00000000eca80000,0x00000000eca80000,0x00000000ed200000)
 ParOldGen       total 68608K, used 14324K [0x00000000c0000000, 0x00000000c4300000, 0x00000000eab00000)
  object space 68608K, 20% used [0x00000000c0000000,0x00000000c0dfd340,0x00000000c4300000)
 Metaspace       used 23535K, committed 24320K, reserved 1114112K
  class space    used 2225K, committed 2560K, reserved 1048576K
}
Event: 6.753 GC heap after
{Heap after GC invocations=9 (full 1):
 PSYoungGen      total 24576K, used 384K [0x00000000eab00000, 0x00000000ecb00000, 0x0000000100000000)
  eden space 24064K, 0% used [0x00000000eab00000,0x00000000eab00000,0x00000000ec280000)
  from space 512K, 75% used [0x00000000eca80000,0x00000000ecae0000,0x00000000ecb00000)
  to   space 3072K, 0% used [0x00000000ec500000,0x00000000ec500000,0x00000000ec800000)
 ParOldGen       total 68608K, used 14324K [0x00000000c0000000, 0x00000000c4300000, 0x00000000eab00000)
  object space 68608K, 20% used [0x00000000c0000000,0x00000000c0dfd340,0x00000000c4300000)
 Metaspace       used 23535K, committed 24320K, reserved 1114112K
  class space    used 2225K, committed 2560K, reserved 1048576K
}
Event: 6.981 GC heap before
{Heap before GC invocations=10 (full 1):
 PSYoungGen      total 24576K, used 24448K [0x00000000eab00000, 0x00000000ecb00000, 0x0000000100000000)
  eden space 24064K, 100% used [0x00000000eab00000,0x00000000ec280000,0x00000000ec280000)
  from space 512K, 75% used [0x00000000eca80000,0x00000000ecae0000,0x00000000ecb00000)
  to   space 3072K, 0% used [0x00000000ec500000,0x00000000ec500000,0x00000000ec800000)
 ParOldGen       total 68608K, used 14324K [0x00000000c0000000, 0x00000000c4300000, 0x00000000eab00000)
  object space 68608K, 20% used [0x00000000c0000000,0x00000000c0dfd340,0x00000000c4300000)
 Metaspace       used 25320K, committed 26176K, reserved 1114112K
  class space    used 2360K, committed 2752K, reserved 1048576K
}
Event: 6.983 GC heap after
{Heap after GC invocations=10 (full 1):
 PSYoungGen      total 26624K, used 2176K [0x00000000eab00000, 0x00000000ecb00000, 0x0000000100000000)
  eden space 23552K, 0% used [0x00000000eab00000,0x00000000eab00000,0x00000000ec200000)
  from space 3072K, 70% used [0x00000000ec500000,0x00000000ec7201a0,0x00000000ec800000)
  to   space 2560K, 0% used [0x00000000ec880000,0x00000000ec880000,0x00000000ecb00000)
 ParOldGen       total 68608K, used 14324K [0x00000000c0000000, 0x00000000c4300000, 0x00000000eab00000)
  object space 68608K, 20% used [0x00000000c0000000,0x00000000c0dfd340,0x00000000c4300000)
 Metaspace       used 25320K, committed 26176K, reserved 1114112K
  class space    used 2360K, committed 2752K, reserved 1048576K
}
Event: 7.533 GC heap before
{Heap before GC invocations=11 (full 1):
 PSYoungGen      total 26624K, used 25725K [0x00000000eab00000, 0x00000000ecb00000, 0x0000000100000000)
  eden space 23552K, 99% used [0x00000000eab00000,0x00000000ec1ff2f8,0x00000000ec200000)
  from space 3072K, 70% used [0x00000000ec500000,0x00000000ec7201a0,0x00000000ec800000)
  to   space 2560K, 0% used [0x00000000ec880000,0x00000000ec880000,0x00000000ecb00000)
 ParOldGen       total 68608K, used 14324K [0x00000000c0000000, 0x00000000c4300000, 0x00000000eab00000)
  object space 68608K, 20% used [0x00000000c0000000,0x00000000c0dfd340,0x00000000c4300000)
 Metaspace       used 28559K, committed 29504K, reserved 1114112K
  class space    used 2706K, committed 3136K, reserved 1048576K
}
Event: 7.540 GC heap after
{Heap after GC invocations=11 (full 1):
 PSYoungGen      total 25600K, used 2345K [0x00000000eab00000, 0x00000000ecb00000, 0x0000000100000000)
  eden space 23040K, 0% used [0x00000000eab00000,0x00000000eab00000,0x00000000ec180000)
  from space 2560K, 91% used [0x00000000ec880000,0x00000000ecaca7e0,0x00000000ecb00000)
  to   space 2560K, 0% used [0x00000000ec600000,0x00000000ec600000,0x00000000ec880000)
 ParOldGen       total 68608K, used 15290K [0x00000000c0000000, 0x00000000c4300000, 0x00000000eab00000)
  object space 68608K, 22% used [0x00000000c0000000,0x00000000c0eee850,0x00000000c4300000)
 Metaspace       used 28559K, committed 29504K, reserved 1114112K
  class space    used 2706K, committed 3136K, reserved 1048576K
}

Dll operation events (9 events):
Event: 0.007 Loaded shared library c:\Users\kille\.vscode\extensions\redhat.java-1.41.1-win32-x64\jre\21.0.6-win32-x86_64\bin\java.dll
Event: 0.076 Loaded shared library c:\Users\kille\.vscode\extensions\redhat.java-1.41.1-win32-x64\jre\21.0.6-win32-x86_64\bin\zip.dll
Event: 0.096 Loaded shared library C:\Users\kille\.vscode\extensions\redhat.java-1.41.1-win32-x64\jre\21.0.6-win32-x86_64\bin\instrument.dll
Event: 0.100 Loaded shared library C:\Users\kille\.vscode\extensions\redhat.java-1.41.1-win32-x64\jre\21.0.6-win32-x86_64\bin\net.dll
Event: 0.103 Loaded shared library C:\Users\kille\.vscode\extensions\redhat.java-1.41.1-win32-x64\jre\21.0.6-win32-x86_64\bin\nio.dll
Event: 0.108 Loaded shared library C:\Users\kille\.vscode\extensions\redhat.java-1.41.1-win32-x64\jre\21.0.6-win32-x86_64\bin\zip.dll
Event: 0.130 Loaded shared library C:\Users\kille\.vscode\extensions\redhat.java-1.41.1-win32-x64\jre\21.0.6-win32-x86_64\bin\jimage.dll
Event: 0.230 Loaded shared library c:\Users\kille\.vscode\extensions\redhat.java-1.41.1-win32-x64\jre\21.0.6-win32-x86_64\bin\verify.dll
Event: 2.099 Loaded shared library C:\Users\kille\AppData\Roaming\Code\User\globalStorage\redhat.java\1.41.1\config_win\org.eclipse.equinox.launcher\org.eclipse.equinox.launcher.win32.win32.x86_64_1.2.1300.v20250331-1702\eclipse_11911.dll

Deoptimization events (20 events):
Event: 7.242 Thread 0x000001ba64bf61b0 Uncommon trap: trap_request=0xffffffc6 fr.pc=0x000001ba54d1765c relative=0x000000000000097c
Event: 7.242 Thread 0x000001ba64bf61b0 Uncommon trap: reason=bimorphic_or_optimized_type_check action=maybe_recompile pc=0x000001ba54d1765c method=java.util.HashMap.putVal(ILjava/lang/Object;Ljava/lang/Object;ZZ)Ljava/lang/Object; @ 56 c2
Event: 7.242 Thread 0x000001ba64bf61b0 DEOPT PACKING pc=0x000001ba54d1765c sp=0x0000007bad1fdf20
Event: 7.242 Thread 0x000001ba64bf61b0 DEOPT UNPACKING pc=0x000001ba54736da2 sp=0x0000007bad1fde20 mode 2
Event: 7.242 Thread 0x000001ba64bf61b0 Uncommon trap: trap_request=0xffffffc6 fr.pc=0x000001ba54d1765c relative=0x000000000000097c
Event: 7.242 Thread 0x000001ba64bf61b0 Uncommon trap: reason=bimorphic_or_optimized_type_check action=maybe_recompile pc=0x000001ba54d1765c method=java.util.HashMap.putVal(ILjava/lang/Object;Ljava/lang/Object;ZZ)Ljava/lang/Object; @ 56 c2
Event: 7.242 Thread 0x000001ba64bf61b0 DEOPT PACKING pc=0x000001ba54d1765c sp=0x0000007bad1fdf20
Event: 7.243 Thread 0x000001ba64bf61b0 DEOPT UNPACKING pc=0x000001ba54736da2 sp=0x0000007bad1fde20 mode 2
Event: 7.243 Thread 0x000001ba64bf61b0 Uncommon trap: trap_request=0xffffffc6 fr.pc=0x000001ba54d1765c relative=0x000000000000097c
Event: 7.243 Thread 0x000001ba64bf61b0 Uncommon trap: reason=bimorphic_or_optimized_type_check action=maybe_recompile pc=0x000001ba54d1765c method=java.util.HashMap.putVal(ILjava/lang/Object;Ljava/lang/Object;ZZ)Ljava/lang/Object; @ 56 c2
Event: 7.243 Thread 0x000001ba64bf61b0 DEOPT PACKING pc=0x000001ba54d1765c sp=0x0000007bad1fdf20
Event: 7.243 Thread 0x000001ba64bf61b0 DEOPT UNPACKING pc=0x000001ba54736da2 sp=0x0000007bad1fde20 mode 2
Event: 7.243 Thread 0x000001ba64bf61b0 Uncommon trap: trap_request=0xffffffc6 fr.pc=0x000001ba54c8fa20 relative=0x00000000000008e0
Event: 7.243 Thread 0x000001ba64bf61b0 Uncommon trap: reason=bimorphic_or_optimized_type_check action=maybe_recompile pc=0x000001ba54c8fa20 method=java.util.HashMap.putVal(ILjava/lang/Object;Ljava/lang/Object;ZZ)Ljava/lang/Object; @ 56 c2
Event: 7.243 Thread 0x000001ba64bf61b0 DEOPT PACKING pc=0x000001ba54c8fa20 sp=0x0000007bad1fde90
Event: 7.243 Thread 0x000001ba64bf61b0 DEOPT UNPACKING pc=0x000001ba54736da2 sp=0x0000007bad1fde28 mode 2
Event: 7.746 Thread 0x000001ba64bf61b0 Uncommon trap: trap_request=0xffffff45 fr.pc=0x000001ba54cce234 relative=0x0000000000000114
Event: 7.747 Thread 0x000001ba64bf61b0 Uncommon trap: reason=unstable_if action=reinterpret pc=0x000001ba54cce234 method=java.lang.String.getBytes([BIB)V @ 5 c2
Event: 7.747 Thread 0x000001ba64bf61b0 DEOPT PACKING pc=0x000001ba54cce234 sp=0x0000007bad1fe300
Event: 7.747 Thread 0x000001ba64bf61b0 DEOPT UNPACKING pc=0x000001ba54736da2 sp=0x0000007bad1fe2a8 mode 2

Classes loaded (20 events):
Event: 7.686 Loading class com/sun/org/apache/xerces/internal/dom/DeferredDocumentImpl
Event: 7.687 Loading class com/sun/org/apache/xerces/internal/dom/DeferredNode
Event: 7.687 Loading class com/sun/org/apache/xerces/internal/dom/DeferredNode done
Event: 7.687 Loading class com/sun/org/apache/xerces/internal/dom/DeferredDocumentImpl done
Event: 7.688 Loading class com/sun/org/apache/xerces/internal/dom/DeferredDocumentImpl$RefCount
Event: 7.688 Loading class com/sun/org/apache/xerces/internal/dom/DeferredDocumentImpl$RefCount done
Event: 7.690 Loading class com/sun/org/apache/xerces/internal/dom/DeepNodeListImpl
Event: 7.690 Loading class com/sun/org/apache/xerces/internal/dom/DeepNodeListImpl done
Event: 7.690 Loading class com/sun/org/apache/xerces/internal/dom/DeferredElementImpl
Event: 7.690 Loading class com/sun/org/apache/xerces/internal/dom/DeferredElementImpl done
Event: 7.690 Loading class com/sun/org/apache/xerces/internal/dom/DeferredAttrImpl
Event: 7.690 Loading class com/sun/org/apache/xerces/internal/dom/DeferredAttrImpl done
Event: 7.709 Loading class com/sun/org/apache/xerces/internal/dom/DeferredTextImpl
Event: 7.709 Loading class com/sun/org/apache/xerces/internal/dom/DeferredTextImpl done
Event: 7.744 Loading class sun/nio/cs/UTF_8$Encoder
Event: 7.744 Loading class sun/nio/cs/UTF_8$Encoder done
Event: 7.745 Loading class java/io/FileOutputStream$1
Event: 7.745 Loading class java/io/FileOutputStream$1 done
Event: 7.888 Loading class java/nio/charset/IllegalCharsetNameException
Event: 7.888 Loading class java/nio/charset/IllegalCharsetNameException done

Classes unloaded (7 events):
Event: 6.220 Thread 0x000001ba5e3526a0 Unloading class 0x000001ba01194400 'java/lang/invoke/LambdaForm$MH+0x000001ba01194400'
Event: 6.220 Thread 0x000001ba5e3526a0 Unloading class 0x000001ba01194000 'java/lang/invoke/LambdaForm$MH+0x000001ba01194000'
Event: 6.220 Thread 0x000001ba5e3526a0 Unloading class 0x000001ba01193c00 'java/lang/invoke/LambdaForm$MH+0x000001ba01193c00'
Event: 6.220 Thread 0x000001ba5e3526a0 Unloading class 0x000001ba01193800 'java/lang/invoke/LambdaForm$MH+0x000001ba01193800'
Event: 6.220 Thread 0x000001ba5e3526a0 Unloading class 0x000001ba01193400 'java/lang/invoke/LambdaForm$BMH+0x000001ba01193400'
Event: 6.220 Thread 0x000001ba5e3526a0 Unloading class 0x000001ba01193000 'java/lang/invoke/LambdaForm$DMH+0x000001ba01193000'
Event: 6.220 Thread 0x000001ba5e3526a0 Unloading class 0x000001ba01191c00 'java/lang/invoke/LambdaForm$DMH+0x000001ba01191c00'

Classes redefined (0 events):
No events

Internal exceptions (20 events):
Event: 6.934 Thread 0x000001ba64bf61b0 Exception <a 'java/io/FileNotFoundException'{0x00000000ec110530}> (0x00000000ec110530) 
thrown [s\src\hotspot\share\prims\jni.cpp, line 520]
Event: 6.979 Thread 0x000001ba6522c2e0 Exception <a 'java/lang/NoSuchMethodError'{0x00000000ec26d080}: 'java.lang.Object java.lang.invoke.DirectMethodHandle$Holder.invokeStaticInit(java.lang.Object, java.lang.Object, java.lang.Object, java.lang.Object, java.lang.Object, java.lang.Object, java.lang.Object)'> (0x00000000ec26d080) 
thrown [s\src\hotspot\share\interpreter\linkResolver.cpp, line 773]
Event: 6.984 Thread 0x000001ba6522c2e0 Exception <a 'java/lang/NoSuchMethodError'{0x00000000ec547508}: 'java.lang.Object java.lang.invoke.Invokers$Holder.invoke_MT(java.lang.Object, java.lang.Object, java.lang.Object, java.lang.Object, java.lang.Object, java.lang.Object, java.lang.Object, java.lang.Object, java.lang.Object)'> (0x00000000ec547508) 
thrown [s\src\hotspot\share\interpreter\linkResolver.cpp, line 773]
Event: 6.995 Thread 0x000001ba6522e3b0 Exception <a 'java/lang/NoSuchMethodError'{0x00000000eab725c0}: 'int java.lang.invoke.DirectMethodHandle$Holder.invokeVirtual(java.lang.Object, java.lang.Object, java.lang.Object)'> (0x00000000eab725c0) 
thrown [s\src\hotspot\share\interpreter\linkResolver.cpp, line 773]
Event: 6.995 Thread 0x000001ba6522e3b0 Exception <a 'java/lang/NoSuchMethodError'{0x00000000eabe41c0}: 'int java.lang.invoke.DirectMethodHandle$Holder.invokeStaticInit(java.lang.Object, int, int)'> (0x00000000eabe41c0) 
thrown [s\src\hotspot\share\interpreter\linkResolver.cpp, line 773]
Event: 6.999 Thread 0x000001ba6522e3b0 Exception <a 'java/lang/NoSuchMethodError'{0x00000000eabeb770}: 'int java.lang.invoke.DirectMethodHandle$Holder.invokeStaticInit(java.lang.Object, long, long)'> (0x00000000eabeb770) 
thrown [s\src\hotspot\share\interpreter\linkResolver.cpp, line 773]
Event: 7.003 Thread 0x000001ba6522e3b0 Exception <a 'java/lang/NoSuchMethodError'{0x00000000eabf2348}: 'int java.lang.invoke.DirectMethodHandle$Holder.invokeStaticInit(java.lang.Object, float, float)'> (0x00000000eabf2348) 
thrown [s\src\hotspot\share\interpreter\linkResolver.cpp, line 773]
Event: 7.004 Thread 0x000001ba6522e3b0 Exception <a 'java/lang/NoSuchMethodError'{0x00000000eabf91e0}: 'int java.lang.invoke.DirectMethodHandle$Holder.invokeStaticInit(java.lang.Object, double, double)'> (0x00000000eabf91e0) 
thrown [s\src\hotspot\share\interpreter\linkResolver.cpp, line 773]
Event: 7.004 Thread 0x000001ba6522e3b0 Exception <a 'java/lang/NoSuchMethodError'{0x00000000eabfd610}: 'int java.lang.invoke.DirectMethodHandle$Holder.invokeStatic(java.lang.Object, long)'> (0x00000000eabfd610) 
thrown [s\src\hotspot\share\interpreter\linkResolver.cpp, line 773]
Event: 7.009 Thread 0x000001ba6522e3b0 Exception <a 'java/lang/NoSuchMethodError'{0x00000000eac1c138}: 'int java.lang.invoke.Invokers$Holder.linkToTargetMethod(java.lang.Object, java.lang.Object)'> (0x00000000eac1c138) 
thrown [s\src\hotspot\share\interpreter\linkResolver.cpp, line 773]
Event: 7.016 Thread 0x000001ba6522c2e0 Exception <a 'java/lang/NoSuchMethodError'{0x00000000eac53b70}: 'int java.lang.invoke.DirectMethodHandle$Holder.invokeSpecial(java.lang.Object, java.lang.Object, java.lang.Object, java.lang.Object)'> (0x00000000eac53b70) 
thrown [s\src\hotspot\share\interpreter\linkResolver.cpp, line 773]
Event: 7.022 Thread 0x000001ba6522c2e0 Exception <a 'java/lang/NoSuchMethodError'{0x00000000eac61710}: 'java.lang.Object java.lang.invoke.DirectMethodHandle$Holder.invokeStatic(java.lang.Object, int, java.lang.Object, java.lang.Object)'> (0x00000000eac61710) 
thrown [s\src\hotspot\share\interpreter\linkResolver.cpp, line 773]
Event: 7.023 Thread 0x000001ba6522c2e0 Exception <a 'java/lang/NoSuchMethodError'{0x00000000eac65150}: 'java.lang.Object java.lang.invoke.DelegatingMethodHandle$Holder.delegate(java.lang.Object, int, java.lang.Object, java.lang.Object)'> (0x00000000eac65150) 
thrown [s\src\hotspot\share\interpreter\linkResolver.cpp, line 773]
Event: 7.027 Thread 0x000001ba6522c2e0 Exception <a 'java/lang/NoSuchMethodError'{0x00000000eac78d40}: 'int java.lang.invoke.Invokers$Holder.linkToTargetMethod(java.lang.Object, java.lang.Object, java.lang.Object)'> (0x00000000eac78d40) 
thrown [s\src\hotspot\share\interpreter\linkResolver.cpp, line 773]
Event: 7.114 Thread 0x000001ba6522e3b0 Exception <a 'java/lang/NoSuchMethodError'{0x00000000eb18d5b8}: 'java.lang.Object java.lang.invoke.DirectMethodHandle$Holder.invokeSpecialIFC(java.lang.Object, java.lang.Object, java.lang.Object, java.lang.Object)'> (0x00000000eb18d5b8) 
thrown [s\src\hotspot\share\interpreter\linkResolver.cpp, line 773]
Event: 7.262 Thread 0x000001ba64bf61b0 Exception <a 'java/lang/NoSuchMethodError'{0x00000000eb928678}: 'java.lang.Object java.lang.invoke.DirectMethodHandle$Holder.invokeStaticInit(java.lang.Object, int, int, int, int)'> (0x00000000eb928678) 
thrown [s\src\hotspot\share\interpreter\linkResolver.cpp, line 773]
Event: 7.295 Thread 0x000001ba64bf61b0 Exception <a 'java/lang/NoSuchMethodError'{0x00000000ebad6348}: 'java.lang.Object java.lang.invoke.DirectMethodHandle$Holder.invokeStaticInit(java.lang.Object, java.lang.Object, int, int, int, int)'> (0x00000000ebad6348) 
thrown [s\src\hotspot\share\interpreter\linkResolver.cpp, line 773]
Event: 7.554 Thread 0x000001ba64bf61b0 Exception <a 'java/lang/ClassNotFoundException'{0x00000000eab3e8c8}: com/sun/org/apache/xml/internal/serializer/spi/XMLEntitiesProvider> (0x00000000eab3e8c8) 
thrown [s\src\hotspot\share\classfile\systemDictionary.cpp, line 312]
Event: 7.665 Thread 0x000001ba6522e3b0 Exception <a 'java/lang/NoSuchMethodError'{0x00000000eb0c83b0}: 'int java.lang.invoke.DirectMethodHandle$Holder.invokeStatic(java.lang.Object, java.lang.Object, java.lang.Object, java.lang.Object, java.lang.Object)'> (0x00000000eb0c83b0) 
thrown [s\src\hotspot\share\interpreter\linkResolver.cpp, line 773]
Event: 7.766 Thread 0x000001ba64bf61b0 Exception <a 'java/io/FileNotFoundException'{0x00000000eb2216c0}> (0x00000000eb2216c0) 
thrown [s\src\hotspot\share\prims\jni.cpp, line 520]

ZGC Phase Switch (0 events):
No events

VM Operations (20 events):
Event: 7.240 Executing VM operation: HandshakeAllThreads (Deoptimize)
Event: 7.240 Executing VM operation: HandshakeAllThreads (Deoptimize) done
Event: 7.272 Executing VM operation: HandshakeAllThreads (Deoptimize)
Event: 7.272 Executing VM operation: HandshakeAllThreads (Deoptimize) done
Event: 7.290 Executing VM operation: HandshakeAllThreads (Deoptimize)
Event: 7.290 Executing VM operation: HandshakeAllThreads (Deoptimize) done
Event: 7.448 Executing VM operation: HandshakeAllThreads (Deoptimize)
Event: 7.451 Executing VM operation: HandshakeAllThreads (Deoptimize) done
Event: 7.494 Executing VM operation: HandshakeAllThreads (Deoptimize)
Event: 7.494 Executing VM operation: HandshakeAllThreads (Deoptimize) done
Event: 7.533 Executing VM operation: ParallelGCFailedAllocation (Allocation Failure)
Event: 7.540 Executing VM operation: ParallelGCFailedAllocation (Allocation Failure) done
Event: 7.550 Executing VM operation: HandshakeAllThreads (Deoptimize)
Event: 7.553 Executing VM operation: HandshakeAllThreads (Deoptimize) done
Event: 7.557 Executing VM operation: HandshakeAllThreads (Deoptimize)
Event: 7.558 Executing VM operation: HandshakeAllThreads (Deoptimize) done
Event: 7.599 Executing VM operation: HandshakeAllThreads (Deoptimize)
Event: 7.599 Executing VM operation: HandshakeAllThreads (Deoptimize) done
Event: 7.692 Executing VM operation: HandshakeAllThreads (Deoptimize)
Event: 7.707 Executing VM operation: HandshakeAllThreads (Deoptimize) done

Memory protections (0 events):
No events

Nmethod flushes (0 events):
No events

Events (20 events):
Event: 2.962 Thread 0x000001ba5e3813f0 Thread added: 0x000001ba653a2c30
Event: 2.990 Thread 0x000001ba64bf61b0 Thread added: 0x000001ba654ef6d0
Event: 3.278 Thread 0x000001ba653a2c30 Thread exited: 0x000001ba653a2c30
Event: 3.524 Thread 0x000001ba64bf61b0 Thread added: 0x000001ba64fd8120
Event: 3.666 Thread 0x000001ba64bf61b0 Thread added: 0x000001ba64edaf20
Event: 3.951 Thread 0x000001ba5e3813f0 Thread added: 0x000001ba650e0bb0
Event: 4.131 Thread 0x000001ba650e0bb0 Thread exited: 0x000001ba650e0bb0
Event: 4.349 Thread 0x000001ba5e3813f0 Thread added: 0x000001ba64f07df0
Event: 4.550 Thread 0x000001ba64bf61b0 Thread added: 0x000001ba6522dd20
Event: 4.820 Thread 0x000001ba64f07df0 Thread exited: 0x000001ba64f07df0
Event: 5.007 Thread 0x000001ba64bf61b0 Thread added: 0x000001ba6522e3b0
Event: 5.049 Thread 0x000001ba64bf61b0 Thread added: 0x000001ba6522c2e0
Event: 5.238 Thread 0x000001ba5e3813f0 Thread added: 0x000001ba651fe170
Event: 5.861 Thread 0x000001ba651fe170 Thread exited: 0x000001ba651fe170
Event: 6.285 Thread 0x000001ba5e3813f0 Thread added: 0x000001ba65f93910
Event: 6.611 Thread 0x000001ba65f93910 Thread exited: 0x000001ba65f93910
Event: 6.926 Thread 0x000001ba5e3813f0 Thread added: 0x000001ba65f93910
Event: 6.958 Thread 0x000001ba6522c2e0 Thread added: 0x000001ba6522c970
Event: 7.075 Thread 0x000001ba6522c970 Thread added: 0x000001ba6522f760
Event: 7.218 Thread 0x000001ba64bf61b0 Thread added: 0x000001ba6522d690


Dynamic libraries:
0x00007ff7cd370000 - 0x00007ff7cd37e000 	c:\Users\kille\.vscode\extensions\redhat.java-1.41.1-win32-x64\jre\21.0.6-win32-x86_64\bin\java.exe
0x00007ffc03e10000 - 0x00007ffc04008000 	C:\WINDOWS\SYSTEM32\ntdll.dll
0x00007ffc03c10000 - 0x00007ffc03cd2000 	C:\WINDOWS\System32\KERNEL32.DLL
0x00007ffc01750000 - 0x00007ffc01a46000 	C:\WINDOWS\System32\KERNELBASE.dll
0x00007ffc01d30000 - 0x00007ffc01e30000 	C:\WINDOWS\System32\ucrtbase.dll
0x00007ffbc1720000 - 0x00007ffbc1738000 	c:\Users\kille\.vscode\extensions\redhat.java-1.41.1-win32-x64\jre\21.0.6-win32-x86_64\bin\jli.dll
0x00007ffbb88f0000 - 0x00007ffbb890e000 	c:\Users\kille\.vscode\extensions\redhat.java-1.41.1-win32-x64\jre\21.0.6-win32-x86_64\bin\VCRUNTIME140.dll
0x00007ffc03a70000 - 0x00007ffc03c0d000 	C:\WINDOWS\System32\USER32.dll
0x00007ffc01d00000 - 0x00007ffc01d22000 	C:\WINDOWS\System32\win32u.dll
0x00007ffbef930000 - 0x00007ffbefbca000 	C:\WINDOWS\WinSxS\amd64_microsoft.windows.common-controls_6595b64144ccf1df_6.0.19041.4355_none_60b8b9eb71f62e16\COMCTL32.dll
0x00007ffc03480000 - 0x00007ffc034ab000 	C:\WINDOWS\System32\GDI32.dll
0x00007ffc02fe0000 - 0x00007ffc0307e000 	C:\WINDOWS\System32\msvcrt.dll
0x00007ffc01b50000 - 0x00007ffc01c6a000 	C:\WINDOWS\System32\gdi32full.dll
0x00007ffc014a0000 - 0x00007ffc0153d000 	C:\WINDOWS\System32\msvcp_win.dll
0x00007ffc02a00000 - 0x00007ffc02a2f000 	C:\WINDOWS\System32\IMM32.DLL
0x00007ffbc3480000 - 0x00007ffbc348c000 	c:\Users\kille\.vscode\extensions\redhat.java-1.41.1-win32-x64\jre\21.0.6-win32-x86_64\bin\vcruntime140_1.dll
0x00007ffbb8680000 - 0x00007ffbb870d000 	c:\Users\kille\.vscode\extensions\redhat.java-1.41.1-win32-x64\jre\21.0.6-win32-x86_64\bin\msvcp140.dll
0x00007ffba6ad0000 - 0x00007ffba7860000 	c:\Users\kille\.vscode\extensions\redhat.java-1.41.1-win32-x64\jre\21.0.6-win32-x86_64\bin\server\jvm.dll
0x00007ffc02630000 - 0x00007ffc026df000 	C:\WINDOWS\System32\ADVAPI32.dll
0x00007ffc03080000 - 0x00007ffc0311f000 	C:\WINDOWS\System32\sechost.dll
0x00007ffc038e0000 - 0x00007ffc03a03000 	C:\WINDOWS\System32\RPCRT4.dll
0x00007ffc01b20000 - 0x00007ffc01b47000 	C:\WINDOWS\System32\bcrypt.dll
0x00007ffc03d60000 - 0x00007ffc03dcb000 	C:\WINDOWS\System32\WS2_32.dll
0x00007ffc00a30000 - 0x00007ffc00a7b000 	C:\WINDOWS\SYSTEM32\POWRPROF.dll
0x00007ffbf4540000 - 0x00007ffbf4567000 	C:\WINDOWS\SYSTEM32\WINMM.dll
0x00007ffbf94d0000 - 0x00007ffbf94da000 	C:\WINDOWS\SYSTEM32\VERSION.dll
0x00007ffc008a0000 - 0x00007ffc008b2000 	C:\WINDOWS\SYSTEM32\UMPDC.dll
0x00007ffbffcc0000 - 0x00007ffbffcd2000 	C:\WINDOWS\SYSTEM32\kernel.appcore.dll
0x00007ffbc2fe0000 - 0x00007ffbc2fea000 	c:\Users\kille\.vscode\extensions\redhat.java-1.41.1-win32-x64\jre\21.0.6-win32-x86_64\bin\jimage.dll
0x00007ffbff200000 - 0x00007ffbff3e4000 	C:\WINDOWS\SYSTEM32\DBGHELP.DLL
0x00007ffbf6650000 - 0x00007ffbf6684000 	C:\WINDOWS\SYSTEM32\dbgcore.DLL
0x00007ffc01c70000 - 0x00007ffc01cf2000 	C:\WINDOWS\System32\bcryptPrimitives.dll
0x00007ffbc17d0000 - 0x00007ffbc17df000 	c:\Users\kille\.vscode\extensions\redhat.java-1.41.1-win32-x64\jre\21.0.6-win32-x86_64\bin\instrument.dll
0x00007ffbb7fe0000 - 0x00007ffbb7fff000 	c:\Users\kille\.vscode\extensions\redhat.java-1.41.1-win32-x64\jre\21.0.6-win32-x86_64\bin\java.dll
0x00007ffc01e30000 - 0x00007ffc0259f000 	C:\WINDOWS\System32\SHELL32.dll
0x00007ffbff500000 - 0x00007ffbffca3000 	C:\WINDOWS\SYSTEM32\windows.storage.dll
0x00007ffc03120000 - 0x00007ffc03475000 	C:\WINDOWS\System32\combase.dll
0x00007ffc00ed0000 - 0x00007ffc00efb000 	C:\WINDOWS\SYSTEM32\Wldp.dll
0x00007ffc02a30000 - 0x00007ffc02afd000 	C:\WINDOWS\System32\OLEAUT32.dll
0x00007ffc02810000 - 0x00007ffc028bd000 	C:\WINDOWS\System32\SHCORE.dll
0x00007ffc02b00000 - 0x00007ffc02b55000 	C:\WINDOWS\System32\shlwapi.dll
0x00007ffc013d0000 - 0x00007ffc013f5000 	C:\WINDOWS\SYSTEM32\profapi.dll
0x00007ffbb7fc0000 - 0x00007ffbb7fd8000 	c:\Users\kille\.vscode\extensions\redhat.java-1.41.1-win32-x64\jre\21.0.6-win32-x86_64\bin\zip.dll
0x00007ffbc08a0000 - 0x00007ffbc08b0000 	C:\Users\kille\.vscode\extensions\redhat.java-1.41.1-win32-x64\jre\21.0.6-win32-x86_64\bin\net.dll
0x00007ffbfd6b0000 - 0x00007ffbfd7ba000 	C:\WINDOWS\SYSTEM32\WINHTTP.dll
0x00007ffc00c30000 - 0x00007ffc00c9c000 	C:\WINDOWS\system32\mswsock.dll
0x00007ffbb4c10000 - 0x00007ffbb4c26000 	C:\Users\kille\.vscode\extensions\redhat.java-1.41.1-win32-x64\jre\21.0.6-win32-x86_64\bin\nio.dll
0x00007ffbc0770000 - 0x00007ffbc0780000 	c:\Users\kille\.vscode\extensions\redhat.java-1.41.1-win32-x64\jre\21.0.6-win32-x86_64\bin\verify.dll
0x00007ffbabe40000 - 0x00007ffbabe85000 	C:\Users\kille\AppData\Roaming\Code\User\globalStorage\redhat.java\1.41.1\config_win\org.eclipse.equinox.launcher\org.eclipse.equinox.launcher.win32.win32.x86_64_1.2.1300.v20250331-1702\eclipse_11911.dll
0x00007ffc037b0000 - 0x00007ffc038db000 	C:\WINDOWS\System32\ole32.dll
0x00007ffc00e20000 - 0x00007ffc00e38000 	C:\WINDOWS\SYSTEM32\CRYPTSP.dll
0x00007ffc004e0000 - 0x00007ffc00518000 	C:\WINDOWS\system32\rsaenh.dll
0x00007ffc01390000 - 0x00007ffc013be000 	C:\WINDOWS\SYSTEM32\USERENV.dll
0x00007ffc00e40000 - 0x00007ffc00e4c000 	C:\WINDOWS\SYSTEM32\CRYPTBASE.dll
0x00007ffc008c0000 - 0x00007ffc008fb000 	C:\WINDOWS\SYSTEM32\IPHLPAPI.DLL
0x00007ffc02790000 - 0x00007ffc02798000 	C:\WINDOWS\System32\NSI.dll

dbghelp: loaded successfully - version: 4.0.5 - missing functions: none
symbol engine: initialized successfully - sym options: 0x614 - pdb path: .;c:\Users\kille\.vscode\extensions\redhat.java-1.41.1-win32-x64\jre\21.0.6-win32-x86_64\bin;C:\WINDOWS\SYSTEM32;C:\WINDOWS\WinSxS\amd64_microsoft.windows.common-controls_6595b64144ccf1df_6.0.19041.4355_none_60b8b9eb71f62e16;c:\Users\kille\.vscode\extensions\redhat.java-1.41.1-win32-x64\jre\21.0.6-win32-x86_64\bin\server;C:\Users\kille\AppData\Roaming\Code\User\globalStorage\redhat.java\1.41.1\config_win\org.eclipse.equinox.launcher\org.eclipse.equinox.launcher.win32.win32.x86_64_1.2.1300.v20250331-1702

VM Arguments:
jvm_args: --add-modules=ALL-SYSTEM --add-opens=java.base/java.util=ALL-UNNAMED --add-opens=java.base/java.lang=ALL-UNNAMED --add-opens=java.base/sun.nio.fs=ALL-UNNAMED -Declipse.application=org.eclipse.jdt.ls.core.id1 -Dosgi.bundles.defaultStartLevel=4 -Declipse.product=org.eclipse.jdt.ls.core.product -Djava.import.generatesMetadataFilesAtProjectRoot=false -DDetectVMInstallationsJob.disabled=true -Dfile.encoding=utf8 -XX:+UseParallelGC -XX:GCTimeRatio=4 -XX:AdaptiveSizePolicyWeight=90 -Dsun.zip.disableMemoryMapping=true -Xmx1G -Xms100m -Xlog:disable -javaagent:c:\Users\kille\.vscode\extensions\redhat.java-1.41.1-win32-x64\lombok\lombok-1.18.36.jar -XX:+HeapDumpOnOutOfMemoryError -XX:HeapDumpPath=c:\Users\kille\AppData\Roaming\Code\User\workspaceStorage\00459deb50f24b29a4002a671e1decd1\redhat.java -Daether.dependencyCollector.impl=bf 
java_command: c:\Users\kille\.vscode\extensions\redhat.java-1.41.1-win32-x64\server\plugins\org.eclipse.equinox.launcher_1.7.0.v20250331-1702.jar -configuration c:\Users\kille\AppData\Roaming\Code\User\globalStorage\redhat.java\1.41.1\config_win -data c:\Users\kille\AppData\Roaming\Code\User\workspaceStorage\00459deb50f24b29a4002a671e1decd1\redhat.java\jdt_ws --pipe=\\.\pipe\lsp-9952371bcaf98538d522202fd4e3781c-sock
java_class_path (initial): c:\Users\kille\.vscode\extensions\redhat.java-1.41.1-win32-x64\server\plugins\org.eclipse.equinox.launcher_1.7.0.v20250331-1702.jar
Launcher Type: SUN_STANDARD

[Global flags]
    uintx AdaptiveSizePolicyWeight                 = 90                                        {product} {command line}
     intx CICompilerCount                          = 4                                         {product} {ergonomic}
    uintx GCTimeRatio                              = 4                                         {product} {command line}
     bool HeapDumpOnOutOfMemoryError               = true                                   {manageable} {command line}
    ccstr HeapDumpPath                             = c:\Users\kille\AppData\Roaming\Code\User\workspaceStorage\00459deb50f24b29a4002a671e1decd1\redhat.java         {manageable} {command line}
   size_t InitialHeapSize                          = 104857600                                 {product} {command line}
   size_t MaxHeapSize                              = 1073741824                                {product} {command line}
   size_t MaxNewSize                               = 357564416                                 {product} {ergonomic}
   size_t MinHeapDeltaBytes                        = 524288                                    {product} {ergonomic}
   size_t MinHeapSize                              = 104857600                                 {product} {command line}
   size_t NewSize                                  = 34603008                                  {product} {ergonomic}
    uintx NonNMethodCodeHeapSize                   = 5839372                                {pd product} {ergonomic}
    uintx NonProfiledCodeHeapSize                  = 122909434                              {pd product} {ergonomic}
   size_t OldSize                                  = 70254592                                  {product} {ergonomic}
    uintx ProfiledCodeHeapSize                     = 122909434                              {pd product} {ergonomic}
    uintx ReservedCodeCacheSize                    = 251658240                              {pd product} {ergonomic}
     bool SegmentedCodeCache                       = true                                      {product} {ergonomic}
   size_t SoftMaxHeapSize                          = 1073741824                             {manageable} {ergonomic}
     bool UseCompressedOops                        = true                           {product lp64_product} {ergonomic}
     bool UseLargePagesIndividualAllocation        = false                                  {pd product} {ergonomic}
     bool UseParallelGC                            = true                                      {product} {command line}

Logging:
Log output configuration:
 #0: stdout all=off uptime,level,tags foldmultilines=false
 #1: stderr all=off uptime,level,tags foldmultilines=false

Environment Variables:
JAVA_HOME=C:\Program Files\Eclipse Adoptium\jdk-17.0.13.11-hotspot\
PATH=C:\Program Files\Eclipse Adoptium\jdk-17.0.13.11-hotspot\bin;C:\WINDOWS\system32;C:\WINDOWS;C:\WINDOWS\System32\Wbem;C:\WINDOWS\System32\WindowsPowerShell\v1.0\;C:\WINDOWS\System32\OpenSSH\;C:\Program Files\dotnet\;C:\Program Files (x86)\Microsoft SQL Server\160\Tools\Binn\;C:\Program Files\Microsoft SQL Server\160\Tools\Binn\;C:\Program Files\Microsoft SQL Server\Client SDK\ODBC\170\Tools\Binn\;C:\Program Files\Microsoft SQL Server\160\DTS\Binn\;C:\Program Files (x86)\Microsoft SQL Server\160\DTS\Binn\;C:\xampp\php;C:\composer;C:\Program Files\Microsoft SQL Server\150\Tools\Binn\;C:\Program Files\Git\cmd;D:\Program Files\nodejs\;C:\Program Files\PVsyst8.0.7\;C:\Program Files\MySQL\MySQL Shell 8.0\bin\;C:\Users\kille\AppData\Local\Microsoft\WindowsApps;C:\Users\kille\AppData\Local\Programs\Microsoft VS Code\bin;C:\Users\kille\AppData\Roaming\Composer\vendor\bin;C:\Program Files\JetBrains\PhpStorm 2024.2.1\bin;;C:\Users\kille\AppData\Roaming\npm;C:\Program Files\JetBrains\PyCharm Community Edition 2024.3.1\bin;
USERNAME=kille
OS=Windows_NT
PROCESSOR_IDENTIFIER=Intel64 Family 6 Model 140 Stepping 1, GenuineIntel
TMP=C:\Users\kille\AppData\Local\Temp
TEMP=C:\Users\kille\AppData\Local\Temp




Periodic native trim disabled

---------------  S Y S T E M  ---------------

OS:
 Windows 10 , 64 bit Build 19041 (10.0.19041.5678)
OS uptime: 0 days 14:36 hours

CPU: total 8 (initial active 8) (4 cores per cpu, 2 threads per core) family 6 model 140 stepping 1 microcode 0xba, cx8, cmov, fxsr, ht, mmx, 3dnowpref, sse, sse2, sse3, ssse3, sse4.1, sse4.2, popcnt, lzcnt, tsc, tscinvbit, avx, avx2, aes, erms, clmul, bmi1, bmi2, adx, avx512f, avx512dq, avx512cd, avx512bw, avx512vl, sha, fma, vzeroupper, avx512_vpopcntdq, avx512_vpclmulqdq, avx512_vaes, avx512_vnni, clflush, clflushopt, clwb, avx512_vbmi2, avx512_vbmi, rdtscp, rdpid, fsrm, gfni, avx512_bitalg, f16c, pku, cet_ibt, cet_ss, avx512_ifma
Processor Information for the first 8 processors :
  Max Mhz: 2419, Current Mhz: 2419, Mhz Limit: 2419

Memory: 4k page, system-wide physical 7926M (484M free)
TotalPageFile size 16626M (AvailPageFile size 5M)
current process WorkingSet (physical memory assigned to process): 187M, peak: 193M
current process commit charge ("private bytes"): 285M, peak: 289M

vm_info: OpenJDK 64-Bit Server VM (21.0.6+7-LTS) for windows-amd64 JRE (21.0.6+7-LTS), built on 2025-01-21T00:00:00Z by "admin" with MS VC++ 17.7 (VS2022)

END.
