#
# There is insufficient memory for the Java Runtime Environment to continue.
# Native memory allocation (malloc) failed to allocate 724080 bytes. Error detail: Chunk::new
# Possible reasons:
#   The system is out of physical RAM or swap space
#   This process is running with CompressedOops enabled, and the Java Heap may be blocking the growth of the native heap
# Possible solutions:
#   Reduce memory load on the system
#   Increase physical memory or swap space
#   Check if swap backing store is full
#   Decrease Java heap size (-Xmx/-Xms)
#   Decrease number of Java threads
#   Decrease Java thread stack sizes (-Xss)
#   Set larger code cache with -XX:ReservedCodeCacheSize=
#   JVM is running with Unscaled Compressed Oops mode in which the Java heap is
#     placed in the first 4GB address space. The Java Heap base address is the
#     maximum limit for the native heap growth. Please use -XX:HeapBaseMinAddress
#     to set the Java Heap base and to place the Java Heap above 4GB virtual address.
# This output file may be truncated or incomplete.
#
#  Out of Memory Error (arena.cpp:168), pid=19968, tid=16824
#
# JRE version: OpenJDK Runtime Environment Temurin-21.0.6+7 (21.0.6+7) (build 21.0.6+7-LTS)
# Java VM: OpenJDK 64-Bit Server VM Temurin-21.0.6+7 (21.0.6+7-LTS, mixed mode, sharing, tiered, compressed oops, compressed class ptrs, parallel gc, windows-amd64)
# No core dump will be written. Minidumps are not enabled by default on client versions of Windows
#

---------------  S U M M A R Y ------------

Command Line: --add-modules=ALL-SYSTEM --add-opens=java.base/java.util=ALL-UNNAMED --add-opens=java.base/java.lang=ALL-UNNAMED --add-opens=java.base/sun.nio.fs=ALL-UNNAMED -Declipse.application=org.eclipse.jdt.ls.core.id1 -Dosgi.bundles.defaultStartLevel=4 -Declipse.product=org.eclipse.jdt.ls.core.product -Djava.import.generatesMetadataFilesAtProjectRoot=false -DDetectVMInstallationsJob.disabled=true -Dfile.encoding=utf8 -XX:+UseParallelGC -XX:GCTimeRatio=4 -XX:AdaptiveSizePolicyWeight=90 -Dsun.zip.disableMemoryMapping=true -Xmx1G -Xms100m -Xlog:disable -javaagent:c:\Users\kille\.vscode\extensions\redhat.java-1.41.1-win32-x64\lombok\lombok-1.18.36.jar c:\Users\kille\.vscode\extensions\redhat.java-1.41.1-win32-x64\server\plugins\org.eclipse.equinox.launcher_1.7.0.v20250331-1702.jar -configuration c:\Users\kille\AppData\Roaming\Code\User\globalStorage\redhat.java\1.41.1\config_ss_win -data c:\Users\kille\AppData\Roaming\Code\User\workspaceStorage\00459deb50f24b29a4002a671e1decd1\redhat.java\ss_ws --pipe=\\.\pipe\lsp-10fad8ff0b85741919cecf3032b1a1b7-sock

Host: 11th Gen Intel(R) Core(TM) i5-1135G7 @ 2.40GHz, 8 cores, 7G,  Windows 10 , 64 bit Build 19041 (10.0.19041.5678)
Time: Sat Apr 19 06:52:08 2025 SE Asia Standard Time elapsed time: 1.570013 seconds (0d 0h 0m 1s)

---------------  T H R E A D  ---------------

Current thread (0x000002b65636b8d0):  JavaThread "C2 CompilerThread1" daemon [_thread_in_native, id=16824, stack(0x000000d7b0400000,0x000000d7b0500000) (1024K)]


Current CompileTask:
C2:1570 1295       4       java.io.DataInputStream::readUTF (501 bytes)

Stack: [0x000000d7b0400000,0x000000d7b0500000]
Native frames: (J=compiled Java code, j=interpreted, Vv=VM code, C=native code)
V  [jvm.dll+0x6cdee9]
V  [jvm.dll+0x8a83d1]
V  [jvm.dll+0x8aa8fe]
V  [jvm.dll+0x8aafe3]
V  [jvm.dll+0x27f706]
V  [jvm.dll+0xc500d]
V  [jvm.dll+0xc5543]
V  [jvm.dll+0x3b678c]
V  [jvm.dll+0x382935]
V  [jvm.dll+0x381d9a]
V  [jvm.dll+0x2479f0]
V  [jvm.dll+0x246fcf]
V  [jvm.dll+0x1c75ee]
V  [jvm.dll+0x25685a]
V  [jvm.dll+0x254dfa]
V  [jvm.dll+0x3f0256]
V  [jvm.dll+0x851f8b]
V  [jvm.dll+0x6cc5ed]
C  [ucrtbase.dll+0x21bb2]
C  [KERNEL32.DLL+0x17374]
C  [ntdll.dll+0x4cc91]


---------------  P R O C E S S  ---------------

Threads class SMR info:
_java_thread_list=0x000002b6566b6290, length=12, elements={
0x000002b67ad716d0, 0x000002b6501ad200, 0x000002b6501aef60, 0x000002b6501b1350,
0x000002b6501b2260, 0x000002b6501b5dd0, 0x000002b6501b85a0, 0x000002b6501c55a0,
0x000002b6501cb120, 0x000002b6501ba670, 0x000002b6501b7f10, 0x000002b65636b8d0
}

Java Threads: ( => current thread )
  0x000002b67ad716d0 JavaThread "main"                              [_thread_in_vm, id=12748, stack(0x000000d7af600000,0x000000d7af700000) (1024K)]
  0x000002b6501ad200 JavaThread "Reference Handler"          daemon [_thread_blocked, id=15756, stack(0x000000d7afb00000,0x000000d7afc00000) (1024K)]
  0x000002b6501aef60 JavaThread "Finalizer"                  daemon [_thread_blocked, id=2500, stack(0x000000d7afc00000,0x000000d7afd00000) (1024K)]
  0x000002b6501b1350 JavaThread "Signal Dispatcher"          daemon [_thread_blocked, id=8916, stack(0x000000d7afd00000,0x000000d7afe00000) (1024K)]
  0x000002b6501b2260 JavaThread "Attach Listener"            daemon [_thread_blocked, id=13548, stack(0x000000d7afe00000,0x000000d7aff00000) (1024K)]
  0x000002b6501b5dd0 JavaThread "Service Thread"             daemon [_thread_blocked, id=15016, stack(0x000000d7aff00000,0x000000d7b0000000) (1024K)]
  0x000002b6501b85a0 JavaThread "Monitor Deflation Thread"   daemon [_thread_blocked, id=5648, stack(0x000000d7b0000000,0x000000d7b0100000) (1024K)]
  0x000002b6501c55a0 JavaThread "C2 CompilerThread0"         daemon [_thread_in_native, id=17568, stack(0x000000d7b0100000,0x000000d7b0200000) (1024K)]
  0x000002b6501cb120 JavaThread "C1 CompilerThread0"         daemon [_thread_in_native, id=16728, stack(0x000000d7b0200000,0x000000d7b0300000) (1024K)]
  0x000002b6501ba670 JavaThread "Common-Cleaner"             daemon [_thread_blocked, id=19772, stack(0x000000d7b0300000,0x000000d7b0400000) (1024K)]
  0x000002b6501b7f10 JavaThread "Notification Thread"        daemon [_thread_blocked, id=14048, stack(0x000000d7b0500000,0x000000d7b0600000) (1024K)]
=>0x000002b65636b8d0 JavaThread "C2 CompilerThread1"         daemon [_thread_in_native, id=16824, stack(0x000000d7b0400000,0x000000d7b0500000) (1024K)]
Total: 12

Other Threads:
  0x000002b6501914e0 VMThread "VM Thread"                           [id=17016, stack(0x000000d7af900000,0x000000d7afa00000) (1024K)]
  0x000002b650081920 WatcherThread "VM Periodic Task Thread"        [id=17912, stack(0x000000d7af800000,0x000000d7af900000) (1024K)]
  0x000002b67ad8e710 WorkerThread "GC Thread#0"                     [id=12608, stack(0x000000d7af700000,0x000000d7af800000) (1024K)]
  0x000002b6566b8c80 WorkerThread "GC Thread#1"                     [id=12968, stack(0x000000d7b0600000,0x000000d7b0700000) (1024K)]
  0x000002b65600ef80 WorkerThread "GC Thread#2"                     [id=4020, stack(0x000000d7b0700000,0x000000d7b0800000) (1024K)]
  0x000002b65600f320 WorkerThread "GC Thread#3"                     [id=5308, stack(0x000000d7b0800000,0x000000d7b0900000) (1024K)]
  0x000002b65600f6c0 WorkerThread "GC Thread#4"                     [id=14196, stack(0x000000d7b0900000,0x000000d7b0a00000) (1024K)]
  0x000002b65600fa60 WorkerThread "GC Thread#5"                     [id=21416, stack(0x000000d7b0a00000,0x000000d7b0b00000) (1024K)]
  0x000002b6560a47a0 WorkerThread "GC Thread#6"                     [id=19484, stack(0x000000d7b0b00000,0x000000d7b0c00000) (1024K)]
Total: 9

Threads with active compile tasks:
C2 CompilerThread0  1583 1338 %     4       lombok.launch.PackageShader::apply @ 76 (252 bytes)
C2 CompilerThread1  1583 1295       4       java.io.DataInputStream::readUTF (501 bytes)
Total: 2

VM state: not at safepoint (normal execution)

VM Mutex/Monitor currently owned by a thread:  ([mutex/lock_event])
[0x00007ffba777c300] Metaspace_lock - owner thread: 0x000002b67ad716d0

Heap address: 0x00000000c0000000, size: 1024 MB, Compressed Oops mode: 32-bit

CDS archive(s) mapped at: [0x000002b60f000000-0x000002b60fba0000-0x000002b60fba0000), size 12189696, SharedBaseAddress: 0x000002b60f000000, ArchiveRelocationMode: 1.
Compressed class space mapped at: 0x000002b610000000-0x000002b650000000, reserved size: 1073741824
Narrow klass base: 0x000002b60f000000, Narrow klass shift: 0, Narrow klass range: 0x100000000

GC Precious Log:
 CardTable entry size: 512
 CPUs: 8 total, 8 available
 Memory: 7926M
 Large Page Support: Disabled
 NUMA Support: Disabled
 Compressed Oops: Enabled (32-bit)
 Alignments: Space 512K, Generation 512K, Heap 2M
 Heap Min Capacity: 100M
 Heap Initial Capacity: 100M
 Heap Max Capacity: 1G
 Pre-touch: Disabled
 Parallel Workers: 8

Heap:
 PSYoungGen      total 29696K, used 11870K [0x00000000eab00000, 0x00000000ecc00000, 0x0000000100000000)
  eden space 25600K, 33% used [0x00000000eab00000,0x00000000eb373ea8,0x00000000ec400000)
  from space 4096K, 78% used [0x00000000ec400000,0x00000000ec723aa0,0x00000000ec800000)
  to   space 4096K, 0% used [0x00000000ec800000,0x00000000ec800000,0x00000000ecc00000)
 ParOldGen       total 68608K, used 16K [0x00000000c0000000, 0x00000000c4300000, 0x00000000eab00000)
  object space 68608K, 0% used [0x00000000c0000000,0x00000000c0004000,0x00000000c4300000)
 Metaspace       used 5955K, committed 6208K, reserved 1114112K
  class space    used 573K, committed 704K, reserved 1048576K

Card table byte_map: [0x000002b67a720000,0x000002b67a930000] _byte_map_base: 0x000002b67a120000

Marking Bits: (ParMarkBitMap*) 0x00007ffba7783260
 Begin Bits: [0x000002b67df70000, 0x000002b67ef70000)
 End Bits:   [0x000002b67ef70000, 0x000002b67ff70000)

Polling page: 0x000002b678c10000

Metaspace:

Usage:
  Non-class:      5.26 MB used.
      Class:    573.77 KB used.
       Both:      5.82 MB used.

Virtual space:
  Non-class space:       64.00 MB reserved,       5.38 MB (  8%) committed,  1 nodes.
      Class space:        1.00 GB reserved,     704.00 KB ( <1%) committed,  1 nodes.
             Both:        1.06 GB reserved,       6.06 MB ( <1%) committed. 

Chunk freelists:
   Non-Class:  10.05 MB
       Class:  15.36 MB
        Both:  25.41 MB

MaxMetaspaceSize: unlimited
CompressedClassSpaceSize: 1.00 GB
Initial GC threshold: 21.00 MB
Current GC threshold: 21.00 MB
CDS: on
 - commit_granule_bytes: 65536.
 - commit_granule_words: 8192.
 - virtual_space_node_default_size: 8388608.
 - enlarge_chunks_in_place: 1.
 - use_allocation_guard: 0.


Internal statistics:

num_allocs_failed_limit: 0.
num_arena_births: 198.
num_arena_deaths: 0.
num_vsnodes_births: 2.
num_vsnodes_deaths: 0.
num_space_committed: 97.
num_space_uncommitted: 0.
num_chunks_returned_to_freelist: 0.
num_chunks_taken_from_freelist: 313.
num_chunk_merges: 0.
num_chunk_splits: 210.
num_chunks_enlarged: 132.
num_inconsistent_stats: 0.

CodeHeap 'non-profiled nmethods': size=120000Kb used=507Kb max_used=507Kb free=119492Kb
 bounds [0x000002b607ad0000, 0x000002b607d40000, 0x000002b60f000000]
CodeHeap 'profiled nmethods': size=120000Kb used=2296Kb max_used=2296Kb free=117703Kb
 bounds [0x000002b600000000, 0x000002b600270000, 0x000002b607530000]
CodeHeap 'non-nmethods': size=5760Kb used=1215Kb max_used=1235Kb free=4544Kb
 bounds [0x000002b607530000, 0x000002b6077a0000, 0x000002b607ad0000]
 total_blobs=1799 nmethods=1329 adapters=377
 compilation: enabled
              stopped_count=0, restarted_count=0
 full_count=0

Compilation events (20 events):
Event: 1.561 Thread 0x000002b6501cb120 nmethod 1330 0x000002b600234f10 code [0x000002b6002350c0, 0x000002b6002352f8]
Event: 1.562 Thread 0x000002b6501cb120 1331       3       sun.net.util.IPAddressUtil::checkHostString (64 bytes)
Event: 1.562 Thread 0x000002b6501cb120 nmethod 1331 0x000002b600235410 code [0x000002b6002355e0, 0x000002b6002357e8]
Event: 1.562 Thread 0x000002b6501cb120 1333       3       java.util.WeakHashMap::get (75 bytes)
Event: 1.563 Thread 0x000002b6501cb120 nmethod 1333 0x000002b600235890 code [0x000002b600235ac0, 0x000002b600236328]
Event: 1.565 Thread 0x000002b6501c55a0 nmethod 1311 0x000002b607b49c10 code [0x000002b607b49ee0, 0x000002b607b4b920]
Event: 1.565 Thread 0x000002b6501c55a0 1299       4       java.util.concurrent.locks.AbstractQueuedSynchronizer::signalNext (34 bytes)
Event: 1.566 Thread 0x000002b6501cb120 1334       3       java.lang.ClassLoader::defineClass (43 bytes)
Event: 1.566 Thread 0x000002b6501c55a0 nmethod 1299 0x000002b607b4c790 code [0x000002b607b4c920, 0x000002b607b4ca00]
Event: 1.566 Thread 0x000002b6501c55a0 1300       4       java.util.concurrent.locks.ReentrantLock$Sync::tryRelease (51 bytes)
Event: 1.566 Thread 0x000002b6501cb120 nmethod 1334 0x000002b600236690 code [0x000002b6002368a0, 0x000002b600236db0]
Event: 1.566 Thread 0x000002b6501cb120 1335       3       java.lang.ClassLoader::checkCerts (121 bytes)
Event: 1.567 Thread 0x000002b6501c55a0 nmethod 1300 0x000002b607b4cb10 code [0x000002b607b4cca0, 0x000002b607b4cd90]
Event: 1.567 Thread 0x000002b6501c55a0 1301       4       java.util.concurrent.locks.ReentrantLock$NonfairSync::initialTryLock (58 bytes)
Event: 1.567 Thread 0x000002b6501cb120 nmethod 1335 0x000002b600237010 code [0x000002b600237320, 0x000002b6002380e0]
Event: 1.568 Thread 0x000002b6501c55a0 nmethod 1301 0x000002b607b4ce90 code [0x000002b607b4d020, 0x000002b607b4d110]
Event: 1.568 Thread 0x000002b6501c55a0 1302       4       java.io.BufferedInputStream::getBufIfOpen (61 bytes)
Event: 1.568 Thread 0x000002b6501c55a0 nmethod 1302 0x000002b607b4d190 code [0x000002b607b4d320, 0x000002b607b4d3f8]
Event: 1.568 Thread 0x000002b6501c55a0 1312   !   4       java.io.BufferedInputStream::read (69 bytes)
Event: 1.568 Thread 0x000002b6501cb120 1336   !   3       java.lang.ClassLoader::addClass (27 bytes)

GC Heap History (2 events):
Event: 1.334 GC heap before
{Heap before GC invocations=1 (full 0):
 PSYoungGen      total 29696K, used 25600K [0x00000000eab00000, 0x00000000ecc00000, 0x0000000100000000)
  eden space 25600K, 100% used [0x00000000eab00000,0x00000000ec400000,0x00000000ec400000)
  from space 4096K, 0% used [0x00000000ec800000,0x00000000ec800000,0x00000000ecc00000)
  to   space 4096K, 0% used [0x00000000ec400000,0x00000000ec400000,0x00000000ec800000)
 ParOldGen       total 68608K, used 0K [0x00000000c0000000, 0x00000000c4300000, 0x00000000eab00000)
  object space 68608K, 0% used [0x00000000c0000000,0x00000000c0000000,0x00000000c4300000)
 Metaspace       used 4347K, committed 4544K, reserved 1114112K
  class space    used 439K, committed 512K, reserved 1048576K
}
Event: 1.341 GC heap after
{Heap after GC invocations=1 (full 0):
 PSYoungGen      total 29696K, used 3214K [0x00000000eab00000, 0x00000000ecc00000, 0x0000000100000000)
  eden space 25600K, 0% used [0x00000000eab00000,0x00000000eab00000,0x00000000ec400000)
  from space 4096K, 78% used [0x00000000ec400000,0x00000000ec723aa0,0x00000000ec800000)
  to   space 4096K, 0% used [0x00000000ec800000,0x00000000ec800000,0x00000000ecc00000)
 ParOldGen       total 68608K, used 16K [0x00000000c0000000, 0x00000000c4300000, 0x00000000eab00000)
  object space 68608K, 0% used [0x00000000c0000000,0x00000000c0004000,0x00000000c4300000)
 Metaspace       used 4347K, committed 4544K, reserved 1114112K
  class space    used 439K, committed 512K, reserved 1048576K
}

Dll operation events (8 events):
Event: 0.040 Loaded shared library c:\Users\kille\.vscode\extensions\redhat.java-1.41.1-win32-x64\jre\21.0.6-win32-x86_64\bin\java.dll
Event: 0.273 Loaded shared library c:\Users\kille\.vscode\extensions\redhat.java-1.41.1-win32-x64\jre\21.0.6-win32-x86_64\bin\zip.dll
Event: 0.302 Loaded shared library C:\Users\kille\.vscode\extensions\redhat.java-1.41.1-win32-x64\jre\21.0.6-win32-x86_64\bin\instrument.dll
Event: 0.310 Loaded shared library C:\Users\kille\.vscode\extensions\redhat.java-1.41.1-win32-x64\jre\21.0.6-win32-x86_64\bin\net.dll
Event: 0.315 Loaded shared library C:\Users\kille\.vscode\extensions\redhat.java-1.41.1-win32-x64\jre\21.0.6-win32-x86_64\bin\nio.dll
Event: 0.320 Loaded shared library C:\Users\kille\.vscode\extensions\redhat.java-1.41.1-win32-x64\jre\21.0.6-win32-x86_64\bin\zip.dll
Event: 0.345 Loaded shared library C:\Users\kille\.vscode\extensions\redhat.java-1.41.1-win32-x64\jre\21.0.6-win32-x86_64\bin\jimage.dll
Event: 0.465 Loaded shared library c:\Users\kille\.vscode\extensions\redhat.java-1.41.1-win32-x64\jre\21.0.6-win32-x86_64\bin\verify.dll

Deoptimization events (20 events):
Event: 1.345 Thread 0x000002b67ad716d0 Uncommon trap: trap_request=0xffffff45 fr.pc=0x000002b607b2b43c relative=0x000000000000027c
Event: 1.345 Thread 0x000002b67ad716d0 Uncommon trap: reason=unstable_if action=reinterpret pc=0x000002b607b2b43c method=java.util.HashMap.hash(Ljava/lang/Object;)I @ 1 c2
Event: 1.345 Thread 0x000002b67ad716d0 DEOPT PACKING pc=0x000002b607b2b43c sp=0x000000d7af6febd0
Event: 1.345 Thread 0x000002b67ad716d0 DEOPT UNPACKING pc=0x000002b607586da2 sp=0x000000d7af6fead8 mode 2
Event: 1.345 Thread 0x000002b67ad716d0 Uncommon trap: trap_request=0xffffff45 fr.pc=0x000002b607b1fed0 relative=0x00000000000000b0
Event: 1.345 Thread 0x000002b67ad716d0 Uncommon trap: reason=unstable_if action=reinterpret pc=0x000002b607b1fed0 method=java.util.HashMap.hash(Ljava/lang/Object;)I @ 1 c2
Event: 1.345 Thread 0x000002b67ad716d0 DEOPT PACKING pc=0x000002b607b1fed0 sp=0x000000d7af6fec50
Event: 1.345 Thread 0x000002b67ad716d0 DEOPT UNPACKING pc=0x000002b607586da2 sp=0x000000d7af6febe8 mode 2
Event: 1.345 Thread 0x000002b67ad716d0 Uncommon trap: trap_request=0xffffffde fr.pc=0x000002b607b1be34 relative=0x0000000000000594
Event: 1.345 Thread 0x000002b67ad716d0 Uncommon trap: reason=class_check action=maybe_recompile pc=0x000002b607b1be34 method=java.util.Collections$UnmodifiableCollection$1.<init>(Ljava/util/Collections$UnmodifiableCollection;)V @ 17 c2
Event: 1.345 Thread 0x000002b67ad716d0 DEOPT PACKING pc=0x000002b607b1be34 sp=0x000000d7af6fec90
Event: 1.345 Thread 0x000002b67ad716d0 DEOPT UNPACKING pc=0x000002b607586da2 sp=0x000000d7af6febd8 mode 2
Event: 1.390 Thread 0x000002b67ad716d0 Uncommon trap: trap_request=0xffffffde fr.pc=0x000002b607ae0438 relative=0x00000000000004f8
Event: 1.390 Thread 0x000002b67ad716d0 Uncommon trap: reason=class_check action=maybe_recompile pc=0x000002b607ae0438 method=java.util.HashMap.putVal(ILjava/lang/Object;Ljava/lang/Object;ZZ)Ljava/lang/Object; @ 253 c2
Event: 1.390 Thread 0x000002b67ad716d0 DEOPT PACKING pc=0x000002b607ae0438 sp=0x000000d7af6fd2e0
Event: 1.390 Thread 0x000002b67ad716d0 DEOPT UNPACKING pc=0x000002b607586da2 sp=0x000000d7af6fd2a0 mode 2
Event: 1.549 Thread 0x000002b67ad716d0 Uncommon trap: trap_request=0xffffff45 fr.pc=0x000002b607b1d7d0 relative=0x0000000000001090
Event: 1.549 Thread 0x000002b67ad716d0 Uncommon trap: reason=unstable_if action=reinterpret pc=0x000002b607b1d7d0 method=lombok.patcher.PatchScript.classMatches(Ljava/lang/String;Ljava/util/Collection;)Z @ 25 c2
Event: 1.549 Thread 0x000002b67ad716d0 DEOPT PACKING pc=0x000002b607b1d7d0 sp=0x000000d7af6f8e40
Event: 1.549 Thread 0x000002b67ad716d0 DEOPT UNPACKING pc=0x000002b607586da2 sp=0x000000d7af6f8da8 mode 2

Classes loaded (20 events):
Event: 1.485 Loading class java/util/concurrent/SynchronousQueue$Transferer
Event: 1.485 Loading class java/util/concurrent/LinkedTransferQueue
Event: 1.486 Loading class java/util/concurrent/TransferQueue
Event: 1.486 Loading class java/util/concurrent/TransferQueue done
Event: 1.486 Loading class java/util/concurrent/LinkedTransferQueue done
Event: 1.486 Loading class java/util/concurrent/SynchronousQueue$Transferer done
Event: 1.486 Loading class java/util/concurrent/LinkedTransferQueue$DualNode
Event: 1.486 Loading class java/util/concurrent/LinkedTransferQueue$DualNode done
Event: 1.487 Loading class java/util/concurrent/RejectedExecutionHandler
Event: 1.487 Loading class java/util/concurrent/RejectedExecutionHandler done
Event: 1.487 Loading class java/util/concurrent/LinkedBlockingQueue
Event: 1.488 Loading class java/util/concurrent/LinkedBlockingQueue done
Event: 1.488 Loading class java/util/concurrent/LinkedBlockingQueue$Node
Event: 1.488 Loading class java/util/concurrent/LinkedBlockingQueue$Node done
Event: 1.515 Loading class java/util/concurrent/Semaphore$NonfairSync
Event: 1.515 Loading class java/util/concurrent/Semaphore$Sync
Event: 1.515 Loading class java/util/concurrent/Semaphore$Sync done
Event: 1.515 Loading class java/util/concurrent/Semaphore$NonfairSync done
Event: 1.560 Loading class java/lang/TypeNotPresentException
Event: 1.560 Loading class java/lang/TypeNotPresentException done

Classes unloaded (0 events):
No events

Classes redefined (0 events):
No events

Internal exceptions (20 events):
Event: 1.269 Thread 0x000002b67ad716d0 Exception <a 'java/lang/ClassNotFoundException'{0x00000000ec2b9f10}: sun/net/www/protocol/c/Handler> (0x00000000ec2b9f10) 
thrown [s\src\hotspot\share\classfile\systemDictionary.cpp, line 312]
Event: 1.269 Thread 0x000002b67ad716d0 Exception <a 'java/lang/ClassNotFoundException'{0x00000000ec2bb280}: sun/net/www/protocol/d/Handler> (0x00000000ec2bb280) 
thrown [s\src\hotspot\share\classfile\systemDictionary.cpp, line 312]
Event: 1.269 Thread 0x000002b67ad716d0 Exception <a 'java/lang/ClassNotFoundException'{0x00000000ec2bc418}: sun/net/www/protocol/c/Handler> (0x00000000ec2bc418) 
thrown [s\src\hotspot\share\classfile\systemDictionary.cpp, line 312]
Event: 1.280 Thread 0x000002b67ad716d0 Exception <a 'java/io/FileNotFoundException'{0x00000000ec2e1470}> (0x00000000ec2e1470) 
thrown [s\src\hotspot\share\prims\jni.cpp, line 520]
Event: 1.343 Thread 0x000002b67ad716d0 Implicit null exception at 0x000002b607b239a9 to 0x000002b607b24248
Event: 1.343 Thread 0x000002b67ad716d0 Implicit null exception at 0x000002b607b2a71a to 0x000002b607b2a920
Event: 1.344 Thread 0x000002b67ad716d0 Exception <a 'java/lang/NoSuchMethodError'{0x00000000eab0d8a8}: 'void java.lang.invoke.DirectMethodHandle$Holder.invokeStatic(java.lang.Object, java.lang.Object, java.lang.Object, java.lang.Object)'> (0x00000000eab0d8a8) 
thrown [s\src\hotspot\share\interpreter\linkResolver.cpp, line 773]
Event: 1.345 Thread 0x000002b67ad716d0 Implicit null exception at 0x000002b607b2b21a to 0x000002b607b2b424
Event: 1.345 Thread 0x000002b67ad716d0 Implicit null exception at 0x000002b607b1fe3d to 0x000002b607b1fec1
Event: 1.402 Thread 0x000002b67ad716d0 Exception <a 'java/lang/NoSuchMethodError'{0x00000000ead4aa70}: 'long java.lang.invoke.DirectMethodHandle$Holder.invokeStatic(java.lang.Object, java.lang.Object, int)'> (0x00000000ead4aa70) 
thrown [s\src\hotspot\share\interpreter\linkResolver.cpp, line 773]
Event: 1.405 Thread 0x000002b67ad716d0 Exception <a 'java/lang/NoSuchMethodError'{0x00000000ead52578}: 'java.lang.Object java.lang.invoke.DirectMethodHandle$Holder.invokeSpecial(java.lang.Object, java.lang.Object, java.lang.Object, java.lang.Object, long)'> (0x00000000ead52578) 
thrown [s\src\hotspot\share\interpreter\linkResolver.cpp, line 773]
Event: 1.407 Thread 0x000002b67ad716d0 Exception <a 'java/lang/NoSuchMethodError'{0x00000000ead601f8}: 'java.lang.Object java.lang.invoke.DirectMethodHandle$Holder.invokeSpecial(java.lang.Object, java.lang.Object, java.lang.Object, int, java.lang.Object)'> (0x00000000ead601f8) 
thrown [s\src\hotspot\share\interpreter\linkResolver.cpp, line 773]
Event: 1.413 Thread 0x000002b67ad716d0 Exception <a 'java/lang/NoSuchMethodError'{0x00000000ead77b38}: 'java.lang.Object java.lang.invoke.Invokers$Holder.invokeExact_MT(java.lang.Object, java.lang.Object, java.lang.Object, java.lang.Object, java.lang.Object, java.lang.Object)'> (0x00000000ead77b38) 
thrown [s\src\hotspot\share\interpreter\linkResolver.cpp, line 773]
Event: 1.417 Thread 0x000002b67ad716d0 Exception <a 'java/lang/NoSuchMethodError'{0x00000000ead913f0}: 'int java.lang.invoke.DirectMethodHandle$Holder.invokeStaticInit(java.lang.Object, java.lang.Object, java.lang.Object, java.lang.Object)'> (0x00000000ead913f0) 
thrown [s\src\hotspot\share\interpreter\linkResolver.cpp, line 773]
Event: 1.418 Thread 0x000002b67ad716d0 Exception <a 'java/lang/NoSuchMethodError'{0x00000000ead99ba8}: 'java.lang.Object java.lang.invoke.DirectMethodHandle$Holder.invokeInterface(java.lang.Object, java.lang.Object)'> (0x00000000ead99ba8) 
thrown [s\src\hotspot\share\interpreter\linkResolver.cpp, line 773]
Event: 1.418 Thread 0x000002b67ad716d0 Exception <a 'java/lang/IncompatibleClassChangeError'{0x00000000ead9d0e0}: Found class java.lang.Object, but interface was expected> (0x00000000ead9d0e0) 
thrown [s\src\hotspot\share\interpreter\linkResolver.cpp, line 840]
Event: 1.419 Thread 0x000002b67ad716d0 Exception <a 'java/lang/NoSuchMethodError'{0x00000000eada1298}: 'void java.lang.invoke.DirectMethodHandle$Holder.invokeStatic(java.lang.Object, java.lang.Object)'> (0x00000000eada1298) 
thrown [s\src\hotspot\share\interpreter\linkResolver.cpp, line 773]
Event: 1.419 Thread 0x000002b67ad716d0 Exception <a 'java/lang/NoSuchMethodError'{0x00000000eada4640}: 'void java.lang.invoke.DirectMethodHandle$Holder.invokeStaticInit(java.lang.Object, java.lang.Object)'> (0x00000000eada4640) 
thrown [s\src\hotspot\share\interpreter\linkResolver.cpp, line 773]
Event: 1.420 Thread 0x000002b67ad716d0 Exception <a 'java/lang/NoSuchMethodError'{0x00000000eadab640}: 'int java.lang.invoke.DirectMethodHandle$Holder.invokeStaticInit(java.lang.Object, java.lang.Object)'> (0x00000000eadab640) 
thrown [s\src\hotspot\share\interpreter\linkResolver.cpp, line 773]
Event: 1.464 Thread 0x000002b67ad716d0 Exception <a 'java/lang/NoSuchMethodError'{0x00000000eaee97f8}: 'void java.lang.invoke.DirectMethodHandle$Holder.invokeSpecial(java.lang.Object, java.lang.Object, java.lang.Object)'> (0x00000000eaee97f8) 
thrown [s\src\hotspot\share\interpreter\linkResolver.cpp, line 773]

ZGC Phase Switch (0 events):
No events

VM Operations (14 events):
Event: 0.271 Executing VM operation: HandshakeAllThreads (Deoptimize)
Event: 0.271 Executing VM operation: HandshakeAllThreads (Deoptimize) done
Event: 0.363 Executing VM operation: HandshakeAllThreads (Deoptimize)
Event: 0.363 Executing VM operation: HandshakeAllThreads (Deoptimize) done
Event: 0.825 Executing VM operation: HandshakeAllThreads (Deoptimize)
Event: 0.825 Executing VM operation: HandshakeAllThreads (Deoptimize) done
Event: 0.849 Executing VM operation: HandshakeAllThreads (Deoptimize)
Event: 0.849 Executing VM operation: HandshakeAllThreads (Deoptimize) done
Event: 1.228 Executing VM operation: ICBufferFull
Event: 1.228 Executing VM operation: ICBufferFull done
Event: 1.239 Executing VM operation: HandshakeAllThreads (Deoptimize)
Event: 1.239 Executing VM operation: HandshakeAllThreads (Deoptimize) done
Event: 1.334 Executing VM operation: ParallelGCFailedAllocation (Allocation Failure)
Event: 1.341 Executing VM operation: ParallelGCFailedAllocation (Allocation Failure) done

Memory protections (0 events):
No events

Nmethod flushes (0 events):
No events

Events (14 events):
Event: 0.205 Thread 0x000002b67ad716d0 Thread added: 0x000002b67ad716d0
Event: 0.228 Thread 0x000002b67ad716d0 Thread added: 0x000002b6501ad200
Event: 0.228 Thread 0x000002b67ad716d0 Thread added: 0x000002b6501aef60
Event: 0.228 Thread 0x000002b67ad716d0 Thread added: 0x000002b6501b1350
Event: 0.228 Thread 0x000002b67ad716d0 Thread added: 0x000002b6501b2260
Event: 0.229 Thread 0x000002b67ad716d0 Thread added: 0x000002b6501b5dd0
Event: 0.229 Thread 0x000002b67ad716d0 Thread added: 0x000002b6501b85a0
Event: 0.229 Thread 0x000002b67ad716d0 Thread added: 0x000002b6501c55a0
Event: 0.229 Thread 0x000002b67ad716d0 Thread added: 0x000002b6501cb120
Event: 0.257 Thread 0x000002b67ad716d0 Thread added: 0x000002b6501ba670
Event: 0.287 Thread 0x000002b6501cb120 Thread added: 0x000002b651daa3e0
Event: 0.605 Thread 0x000002b67ad716d0 Thread added: 0x000002b6501b7f10
Event: 1.152 Thread 0x000002b651daa3e0 Thread exited: 0x000002b651daa3e0
Event: 1.226 Thread 0x000002b6501cb120 Thread added: 0x000002b65636b8d0


Dynamic libraries:
0x00007ff7cd370000 - 0x00007ff7cd37e000 	c:\Users\kille\.vscode\extensions\redhat.java-1.41.1-win32-x64\jre\21.0.6-win32-x86_64\bin\java.exe
0x00007ffc03e10000 - 0x00007ffc04008000 	C:\WINDOWS\SYSTEM32\ntdll.dll
0x00007ffc03c10000 - 0x00007ffc03cd2000 	C:\WINDOWS\System32\KERNEL32.DLL
0x00007ffc01750000 - 0x00007ffc01a46000 	C:\WINDOWS\System32\KERNELBASE.dll
0x00007ffc01d30000 - 0x00007ffc01e30000 	C:\WINDOWS\System32\ucrtbase.dll
0x00007ffbc1720000 - 0x00007ffbc1738000 	c:\Users\kille\.vscode\extensions\redhat.java-1.41.1-win32-x64\jre\21.0.6-win32-x86_64\bin\jli.dll
0x00007ffc03a70000 - 0x00007ffc03c0d000 	C:\WINDOWS\System32\USER32.dll
0x00007ffc01d00000 - 0x00007ffc01d22000 	C:\WINDOWS\System32\win32u.dll
0x00007ffc03480000 - 0x00007ffc034ab000 	C:\WINDOWS\System32\GDI32.dll
0x00007ffc01b50000 - 0x00007ffc01c6a000 	C:\WINDOWS\System32\gdi32full.dll
0x00007ffc014a0000 - 0x00007ffc0153d000 	C:\WINDOWS\System32\msvcp_win.dll
0x00007ffbb88f0000 - 0x00007ffbb890e000 	c:\Users\kille\.vscode\extensions\redhat.java-1.41.1-win32-x64\jre\21.0.6-win32-x86_64\bin\VCRUNTIME140.dll
0x00007ffbef930000 - 0x00007ffbefbca000 	C:\WINDOWS\WinSxS\amd64_microsoft.windows.common-controls_6595b64144ccf1df_6.0.19041.4355_none_60b8b9eb71f62e16\COMCTL32.dll
0x00007ffc02fe0000 - 0x00007ffc0307e000 	C:\WINDOWS\System32\msvcrt.dll
0x00007ffc02a00000 - 0x00007ffc02a2f000 	C:\WINDOWS\System32\IMM32.DLL
0x00007ffbc3480000 - 0x00007ffbc348c000 	c:\Users\kille\.vscode\extensions\redhat.java-1.41.1-win32-x64\jre\21.0.6-win32-x86_64\bin\vcruntime140_1.dll
0x00007ffbb8680000 - 0x00007ffbb870d000 	c:\Users\kille\.vscode\extensions\redhat.java-1.41.1-win32-x64\jre\21.0.6-win32-x86_64\bin\msvcp140.dll
0x00007ffba6ad0000 - 0x00007ffba7860000 	c:\Users\kille\.vscode\extensions\redhat.java-1.41.1-win32-x64\jre\21.0.6-win32-x86_64\bin\server\jvm.dll
0x00007ffc02630000 - 0x00007ffc026df000 	C:\WINDOWS\System32\ADVAPI32.dll
0x00007ffc03080000 - 0x00007ffc0311f000 	C:\WINDOWS\System32\sechost.dll
0x00007ffc038e0000 - 0x00007ffc03a03000 	C:\WINDOWS\System32\RPCRT4.dll
0x00007ffc01b20000 - 0x00007ffc01b47000 	C:\WINDOWS\System32\bcrypt.dll
0x00007ffc03d60000 - 0x00007ffc03dcb000 	C:\WINDOWS\System32\WS2_32.dll
0x00007ffc00a30000 - 0x00007ffc00a7b000 	C:\WINDOWS\SYSTEM32\POWRPROF.dll
0x00007ffbf4540000 - 0x00007ffbf4567000 	C:\WINDOWS\SYSTEM32\WINMM.dll
0x00007ffbf94d0000 - 0x00007ffbf94da000 	C:\WINDOWS\SYSTEM32\VERSION.dll
0x00007ffc008a0000 - 0x00007ffc008b2000 	C:\WINDOWS\SYSTEM32\UMPDC.dll
0x00007ffbffcc0000 - 0x00007ffbffcd2000 	C:\WINDOWS\SYSTEM32\kernel.appcore.dll
0x00007ffbc2fe0000 - 0x00007ffbc2fea000 	c:\Users\kille\.vscode\extensions\redhat.java-1.41.1-win32-x64\jre\21.0.6-win32-x86_64\bin\jimage.dll
0x00007ffbff200000 - 0x00007ffbff3e4000 	C:\WINDOWS\SYSTEM32\DBGHELP.DLL
0x00007ffbf6650000 - 0x00007ffbf6684000 	C:\WINDOWS\SYSTEM32\dbgcore.DLL
0x00007ffc01c70000 - 0x00007ffc01cf2000 	C:\WINDOWS\System32\bcryptPrimitives.dll
0x00007ffbc17d0000 - 0x00007ffbc17df000 	c:\Users\kille\.vscode\extensions\redhat.java-1.41.1-win32-x64\jre\21.0.6-win32-x86_64\bin\instrument.dll
0x00007ffbb7fe0000 - 0x00007ffbb7fff000 	c:\Users\kille\.vscode\extensions\redhat.java-1.41.1-win32-x64\jre\21.0.6-win32-x86_64\bin\java.dll
0x00007ffc01e30000 - 0x00007ffc0259f000 	C:\WINDOWS\System32\SHELL32.dll
0x00007ffbff500000 - 0x00007ffbffca3000 	C:\WINDOWS\SYSTEM32\windows.storage.dll
0x00007ffc03120000 - 0x00007ffc03475000 	C:\WINDOWS\System32\combase.dll
0x00007ffc00ed0000 - 0x00007ffc00efb000 	C:\WINDOWS\SYSTEM32\Wldp.dll
0x00007ffc02a30000 - 0x00007ffc02afd000 	C:\WINDOWS\System32\OLEAUT32.dll
0x00007ffc02810000 - 0x00007ffc028bd000 	C:\WINDOWS\System32\SHCORE.dll
0x00007ffc02b00000 - 0x00007ffc02b55000 	C:\WINDOWS\System32\shlwapi.dll
0x00007ffc013d0000 - 0x00007ffc013f5000 	C:\WINDOWS\SYSTEM32\profapi.dll
0x00007ffbb7fc0000 - 0x00007ffbb7fd8000 	c:\Users\kille\.vscode\extensions\redhat.java-1.41.1-win32-x64\jre\21.0.6-win32-x86_64\bin\zip.dll
0x00007ffbc08a0000 - 0x00007ffbc08b0000 	C:\Users\kille\.vscode\extensions\redhat.java-1.41.1-win32-x64\jre\21.0.6-win32-x86_64\bin\net.dll
0x00007ffbfd6b0000 - 0x00007ffbfd7ba000 	C:\WINDOWS\SYSTEM32\WINHTTP.dll
0x00007ffc00c30000 - 0x00007ffc00c9c000 	C:\WINDOWS\system32\mswsock.dll
0x00007ffbb4c10000 - 0x00007ffbb4c26000 	C:\Users\kille\.vscode\extensions\redhat.java-1.41.1-win32-x64\jre\21.0.6-win32-x86_64\bin\nio.dll
0x00007ffbc0770000 - 0x00007ffbc0780000 	c:\Users\kille\.vscode\extensions\redhat.java-1.41.1-win32-x64\jre\21.0.6-win32-x86_64\bin\verify.dll

dbghelp: loaded successfully - version: 4.0.5 - missing functions: none
symbol engine: initialized successfully - sym options: 0x614 - pdb path: .;c:\Users\kille\.vscode\extensions\redhat.java-1.41.1-win32-x64\jre\21.0.6-win32-x86_64\bin;C:\WINDOWS\SYSTEM32;C:\WINDOWS\WinSxS\amd64_microsoft.windows.common-controls_6595b64144ccf1df_6.0.19041.4355_none_60b8b9eb71f62e16;c:\Users\kille\.vscode\extensions\redhat.java-1.41.1-win32-x64\jre\21.0.6-win32-x86_64\bin\server

VM Arguments:
jvm_args: --add-modules=ALL-SYSTEM --add-opens=java.base/java.util=ALL-UNNAMED --add-opens=java.base/java.lang=ALL-UNNAMED --add-opens=java.base/sun.nio.fs=ALL-UNNAMED -Declipse.application=org.eclipse.jdt.ls.core.id1 -Dosgi.bundles.defaultStartLevel=4 -Declipse.product=org.eclipse.jdt.ls.core.product -Djava.import.generatesMetadataFilesAtProjectRoot=false -DDetectVMInstallationsJob.disabled=true -Dfile.encoding=utf8 -XX:+UseParallelGC -XX:GCTimeRatio=4 -XX:AdaptiveSizePolicyWeight=90 -Dsun.zip.disableMemoryMapping=true -Xmx1G -Xms100m -Xlog:disable -javaagent:c:\Users\kille\.vscode\extensions\redhat.java-1.41.1-win32-x64\lombok\lombok-1.18.36.jar 
java_command: c:\Users\kille\.vscode\extensions\redhat.java-1.41.1-win32-x64\server\plugins\org.eclipse.equinox.launcher_1.7.0.v20250331-1702.jar -configuration c:\Users\kille\AppData\Roaming\Code\User\globalStorage\redhat.java\1.41.1\config_ss_win -data c:\Users\kille\AppData\Roaming\Code\User\workspaceStorage\00459deb50f24b29a4002a671e1decd1\redhat.java\ss_ws --pipe=\\.\pipe\lsp-10fad8ff0b85741919cecf3032b1a1b7-sock
java_class_path (initial): c:\Users\kille\.vscode\extensions\redhat.java-1.41.1-win32-x64\server\plugins\org.eclipse.equinox.launcher_1.7.0.v20250331-1702.jar
Launcher Type: SUN_STANDARD

[Global flags]
    uintx AdaptiveSizePolicyWeight                 = 90                                        {product} {command line}
     intx CICompilerCount                          = 4                                         {product} {ergonomic}
    uintx GCTimeRatio                              = 4                                         {product} {command line}
   size_t InitialHeapSize                          = 104857600                                 {product} {command line}
   size_t MaxHeapSize                              = 1073741824                                {product} {command line}
   size_t MaxNewSize                               = 357564416                                 {product} {ergonomic}
   size_t MinHeapDeltaBytes                        = 524288                                    {product} {ergonomic}
   size_t MinHeapSize                              = 104857600                                 {product} {command line}
   size_t NewSize                                  = 34603008                                  {product} {ergonomic}
    uintx NonNMethodCodeHeapSize                   = 5839372                                {pd product} {ergonomic}
    uintx NonProfiledCodeHeapSize                  = 122909434                              {pd product} {ergonomic}
   size_t OldSize                                  = 70254592                                  {product} {ergonomic}
    uintx ProfiledCodeHeapSize                     = 122909434                              {pd product} {ergonomic}
    uintx ReservedCodeCacheSize                    = 251658240                              {pd product} {ergonomic}
     bool SegmentedCodeCache                       = true                                      {product} {ergonomic}
   size_t SoftMaxHeapSize                          = 1073741824                             {manageable} {ergonomic}
     bool UseCompressedOops                        = true                           {product lp64_product} {ergonomic}
     bool UseLargePagesIndividualAllocation        = false                                  {pd product} {ergonomic}
     bool UseParallelGC                            = true                                      {product} {command line}

Logging:
Log output configuration:
 #0: stdout all=off uptime,level,tags foldmultilines=false
 #1: stderr all=off uptime,level,tags foldmultilines=false

Environment Variables:
JAVA_HOME=C:\Program Files\Eclipse Adoptium\jdk-17.0.13.11-hotspot\
PATH=C:\Program Files\Eclipse Adoptium\jdk-17.0.13.11-hotspot\bin;C:\WINDOWS\system32;C:\WINDOWS;C:\WINDOWS\System32\Wbem;C:\WINDOWS\System32\WindowsPowerShell\v1.0\;C:\WINDOWS\System32\OpenSSH\;C:\Program Files\dotnet\;C:\Program Files (x86)\Microsoft SQL Server\160\Tools\Binn\;C:\Program Files\Microsoft SQL Server\160\Tools\Binn\;C:\Program Files\Microsoft SQL Server\Client SDK\ODBC\170\Tools\Binn\;C:\Program Files\Microsoft SQL Server\160\DTS\Binn\;C:\Program Files (x86)\Microsoft SQL Server\160\DTS\Binn\;C:\xampp\php;C:\composer;C:\Program Files\Microsoft SQL Server\150\Tools\Binn\;C:\Program Files\Git\cmd;D:\Program Files\nodejs\;C:\Program Files\PVsyst8.0.7\;C:\Program Files\MySQL\MySQL Shell 8.0\bin\;C:\Users\kille\AppData\Local\Microsoft\WindowsApps;C:\Users\kille\AppData\Local\Programs\Microsoft VS Code\bin;C:\Users\kille\AppData\Roaming\Composer\vendor\bin;C:\Program Files\JetBrains\PhpStorm 2024.2.1\bin;;C:\Users\kille\AppData\Roaming\npm;C:\Program Files\JetBrains\PyCharm Community Edition 2024.3.1\bin;
USERNAME=kille
OS=Windows_NT
PROCESSOR_IDENTIFIER=Intel64 Family 6 Model 140 Stepping 1, GenuineIntel
TMP=C:\Users\kille\AppData\Local\Temp
TEMP=C:\Users\kille\AppData\Local\Temp




Periodic native trim disabled

---------------  S Y S T E M  ---------------

OS:
 Windows 10 , 64 bit Build 19041 (10.0.19041.5678)
OS uptime: 0 days 14:36 hours

CPU: total 8 (initial active 8) (4 cores per cpu, 2 threads per core) family 6 model 140 stepping 1 microcode 0xba, cx8, cmov, fxsr, ht, mmx, 3dnowpref, sse, sse2, sse3, ssse3, sse4.1, sse4.2, popcnt, lzcnt, tsc, tscinvbit, avx, avx2, aes, erms, clmul, bmi1, bmi2, adx, avx512f, avx512dq, avx512cd, avx512bw, avx512vl, sha, fma, vzeroupper, avx512_vpopcntdq, avx512_vpclmulqdq, avx512_vaes, avx512_vnni, clflush, clflushopt, clwb, avx512_vbmi2, avx512_vbmi, rdtscp, rdpid, fsrm, gfni, avx512_bitalg, f16c, pku, cet_ibt, cet_ss, avx512_ifma
Processor Information for the first 8 processors :
  Max Mhz: 2419, Current Mhz: 2419, Mhz Limit: 2419

Memory: 4k page, system-wide physical 7926M (447M free)
TotalPageFile size 16626M (AvailPageFile size 2M)
current process WorkingSet (physical memory assigned to process): 85M, peak: 85M
current process commit charge ("private bytes"): 206M, peak: 206M

vm_info: OpenJDK 64-Bit Server VM (21.0.6+7-LTS) for windows-amd64 JRE (21.0.6+7-LTS), built on 2025-01-21T00:00:00Z by "admin" with MS VC++ 17.7 (VS2022)

END.
